#
# There is insufficient memory for the Java Runtime Environment to continue.
# Native memory allocation (malloc) failed to allocate 1103888 bytes for Chunk::new
# Possible reasons:
#   The system is out of physical RAM or swap space
#   The process is running with CompressedOops enabled, and the Java Heap may be blocking the growth of the native heap
# Possible solutions:
#   Reduce memory load on the system
#   Increase physical memory or swap space
#   Check if swap backing store is full
#   Decrease Java heap size (-Xmx/-Xms)
#   Decrease number of Java threads
#   Decrease Java thread stack sizes (-Xss)
#   Set larger code cache with -XX:ReservedCodeCacheSize=
#   JVM is running with Unscaled Compressed Oops mode in which the Java heap is
#     placed in the first 4GB address space. The Java Heap base address is the
#     maximum limit for the native heap growth. Please use -XX:HeapBaseMinAddress
#     to set the Java Heap base and to place the Java Heap above 4GB virtual address.
# This output file may be truncated or incomplete.
#
#  Out of Memory Error (arena.cpp:189), pid=2508, tid=8500
#
# JRE version: OpenJDK Runtime Environment (17.0.1+12) (build 17.0.1+12-39)
# Java VM: OpenJDK 64-Bit Server VM (17.0.1+12-39, mixed mode, sharing, tiered, compressed oops, compressed class ptrs, g1 gc, windows-amd64)
# No core dump will be written. Minidumps are not enabled by default on client versions of Windows
#

---------------  S U M M A R Y ------------

Command Line: --add-opens=java.base/java.util=ALL-UNNAMED --add-opens=java.base/java.lang=ALL-UNNAMED --add-opens=java.base/java.lang.invoke=ALL-UNNAMED --add-opens=java.base/java.util=ALL-UNNAMED --add-opens=java.prefs/java.util.prefs=ALL-UNNAMED --add-opens=java.prefs/java.util.prefs=ALL-UNNAMED --add-opens=java.base/java.nio.charset=ALL-UNNAMED --add-opens=java.base/java.net=ALL-UNNAMED --add-opens=java.base/java.util.concurrent.atomic=ALL-UNNAMED -XX:MaxMetaspaceSize=256m -XX:+HeapDumpOnOutOfMemoryError -Xms256m -Xmx512m -Dfile.encoding=windows-1252 -Duser.country=US -Duser.language=en -Duser.variant org.gradle.launcher.daemon.bootstrap.GradleDaemon 7.4

Host: Intel(R) Core(TM) i7-1065G7 CPU @ 1.30GHz, 8 cores, 7G,  Windows 10 , 64 bit Build 19041 (10.0.19041.3636)
Time: Thu Jul 25 21:17:05 2024 W. Europe Daylight Time elapsed time: 6315.292274 seconds (0d 1h 45m 15s)

---------------  T H R E A D  ---------------

Current thread (0x00000173229571e0):  JavaThread "C2 CompilerThread0" daemon [_thread_in_native, id=8500, stack(0x0000006c79000000,0x0000006c79100000)]


Current CompileTask:
C2:6315292 22096       4       com.sun.tools.javac.jvm.ClassReader::readPosition (801 bytes)

Stack: [0x0000006c79000000,0x0000006c79100000]
Native frames: (J=compiled Java code, j=interpreted, Vv=VM code, C=native code)
V  [jvm.dll+0x66fa1a]
V  [jvm.dll+0x7ce5a4]
V  [jvm.dll+0x7cfd4e]
V  [jvm.dll+0x7d03b3]
V  [jvm.dll+0x242b05]
V  [jvm.dll+0xaa05b]
V  [jvm.dll+0xaa5ec]
V  [jvm.dll+0x35fa07]
V  [jvm.dll+0x329f51]
V  [jvm.dll+0x3293fa]
V  [jvm.dll+0x215bf1]
V  [jvm.dll+0x215011]
V  [jvm.dll+0x1a168d]
V  [jvm.dll+0x224848]
V  [jvm.dll+0x2229ac]
V  [jvm.dll+0x78435b]
V  [jvm.dll+0x77e91a]
V  [jvm.dll+0x66e845]
C  [ucrtbase.dll+0x21bb2]
C  [KERNEL32.DLL+0x17344]
C  [ntdll.dll+0x526b1]


---------------  P R O C E S S  ---------------

Threads class SMR info:
_java_thread_list=0x0000017325cf77b0, length=87, elements={
0x00000173061c24e0, 0x00000173229308d0, 0x0000017322931480, 0x0000017322948800,
0x00000173229493b0, 0x000001732294de80, 0x0000017322951d90, 0x00000173229571e0,
0x0000017322959830, 0x000001732295a630, 0x00000173234deae0, 0x00000173234eb400,
0x0000017323f558d0, 0x0000017323f56c10, 0x0000017323f55da0, 0x0000017323f54a60,
0x0000017323f55400, 0x0000017324e60940, 0x0000017324e5a900, 0x0000017324e5add0,
0x0000017324e5b770, 0x0000017324e5e790, 0x0000017324e5ec60, 0x0000017324e5a430,
0x0000017324e5d450, 0x0000017324e5d920, 0x0000017324e59a90, 0x0000017324e5f600,
0x0000017324e5fad0, 0x0000017324e612e0, 0x0000017324e5c5e0, 0x00000173261e7ad0,
0x0000017325c0bd10, 0x0000017325c0d520, 0x0000017325c0dec0, 0x0000017325c0cb80,
0x0000017325c0c1e0, 0x0000017325c0f200, 0x0000017325c10540, 0x0000017325c0f6d0,
0x0000017325c0fba0, 0x0000017325c10ee0, 0x0000017325c10070, 0x0000017325c0d050,
0x0000017325c10a10, 0x0000017325c113b0, 0x0000017325c0aea0, 0x0000017325c11d50,
0x0000017325c12220, 0x0000017325c126f0, 0x0000017325c0b370, 0x000001732644ff60,
0x000001732644c5a0, 0x000001732644ad90, 0x000001732644f5c0, 0x000001732644bc00,
0x000001732644e280, 0x000001732644e750, 0x000001732644ec20, 0x0000017326450430,
0x00000173264512a0, 0x000001732644cf40, 0x000001732644fa90, 0x0000017326450dd0,
0x0000017326451770, 0x000001732644f0f0, 0x0000017326450900, 0x000001732644a8c0,
0x0000017326451c40, 0x000001732644b260, 0x000001732644ca70, 0x000001732644a3f0,
0x000001732644ddb0, 0x000001732644b730, 0x000001732644d410, 0x000001732644d8e0,
0x0000017329d3f150, 0x0000017329d42b10, 0x0000017329d434b0, 0x0000017329d41ca0,
0x00000173268485e0, 0x0000017329d3c600, 0x0000017329d3cad0, 0x0000017329d42170,
0x0000017329d3d940, 0x0000017329d3e2e0, 0x0000017329d3faf0
}

Java Threads: ( => current thread )
  0x00000173061c24e0 JavaThread "main" [_thread_blocked, id=14008, stack(0x0000006c78300000,0x0000006c78400000)]
  0x00000173229308d0 JavaThread "Reference Handler" daemon [_thread_blocked, id=14400, stack(0x0000006c78a00000,0x0000006c78b00000)]
  0x0000017322931480 JavaThread "Finalizer" daemon [_thread_blocked, id=9700, stack(0x0000006c78b00000,0x0000006c78c00000)]
  0x0000017322948800 JavaThread "Signal Dispatcher" daemon [_thread_blocked, id=14832, stack(0x0000006c78c00000,0x0000006c78d00000)]
  0x00000173229493b0 JavaThread "Attach Listener" daemon [_thread_blocked, id=13980, stack(0x0000006c78d00000,0x0000006c78e00000)]
  0x000001732294de80 JavaThread "Service Thread" daemon [_thread_blocked, id=13160, stack(0x0000006c78e00000,0x0000006c78f00000)]
  0x0000017322951d90 JavaThread "Monitor Deflation Thread" daemon [_thread_blocked, id=13472, stack(0x0000006c78f00000,0x0000006c79000000)]
=>0x00000173229571e0 JavaThread "C2 CompilerThread0" daemon [_thread_in_native, id=8500, stack(0x0000006c79000000,0x0000006c79100000)]
  0x0000017322959830 JavaThread "C1 CompilerThread0" daemon [_thread_blocked, id=14872, stack(0x0000006c79100000,0x0000006c79200000)]
  0x000001732295a630 JavaThread "Sweeper thread" daemon [_thread_blocked, id=15660, stack(0x0000006c79200000,0x0000006c79300000)]
  0x00000173234deae0 JavaThread "Common-Cleaner" daemon [_thread_blocked, id=8364, stack(0x0000006c79300000,0x0000006c79400000)]
  0x00000173234eb400 JavaThread "Notification Thread" daemon [_thread_blocked, id=9424, stack(0x0000006c79400000,0x0000006c79500000)]
  0x0000017323f558d0 JavaThread "Daemon health stats" [_thread_blocked, id=11144, stack(0x0000006c79d00000,0x0000006c79e00000)]
  0x0000017323f56c10 JavaThread "Incoming local TCP Connector on port 64133" [_thread_in_native, id=7660, stack(0x0000006c79e00000,0x0000006c79f00000)]
  0x0000017323f55da0 JavaThread "Daemon periodic checks" [_thread_blocked, id=13744, stack(0x0000006c79f00000,0x0000006c7a000000)]
  0x0000017323f54a60 JavaThread "Cache worker for journal cache (C:\Users\atomf\.gradle\caches\journal-1)" [_thread_blocked, id=4520, stack(0x0000006c7a700000,0x0000006c7a800000)]
  0x0000017323f55400 JavaThread "File lock request listener" [_thread_in_native, id=9684, stack(0x0000006c7a800000,0x0000006c7a900000)]
  0x0000017324e60940 JavaThread "Cache worker for file hash cache (C:\Users\atomf\.gradle\caches\7.4\fileHashes)" [_thread_blocked, id=8440, stack(0x0000006c7a900000,0x0000006c7aa00000)]
  0x0000017324e5a900 JavaThread "File watcher server" daemon [_thread_in_native, id=5400, stack(0x0000006c7aa00000,0x0000006c7ab00000)]
  0x0000017324e5add0 JavaThread "File watcher consumer" daemon [_thread_blocked, id=3108, stack(0x0000006c7ab00000,0x0000006c7ac00000)]
  0x0000017324e5b770 JavaThread "Cache worker for execution history cache (C:\Users\atomf\.gradle\caches\7.4\executionHistory)" [_thread_blocked, id=10068, stack(0x0000006c7b300000,0x0000006c7b400000)]
  0x0000017324e5e790 JavaThread "jar transforms" [_thread_blocked, id=3240, stack(0x0000006c7b400000,0x0000006c7b500000)]
  0x0000017324e5ec60 JavaThread "jar transforms Thread 2" [_thread_blocked, id=14680, stack(0x0000006c7b500000,0x0000006c7b600000)]
  0x0000017324e5a430 JavaThread "Cache worker for file content cache (C:\Users\atomf\.gradle\caches\7.4\fileContent)" [_thread_blocked, id=8456, stack(0x0000006c7b600000,0x0000006c7b700000)]
  0x0000017324e5d450 JavaThread "jar transforms Thread 3" [_thread_blocked, id=9512, stack(0x0000006c7b700000,0x0000006c7b800000)]
  0x0000017324e5d920 JavaThread "jar transforms Thread 4" [_thread_blocked, id=14700, stack(0x0000006c7b800000,0x0000006c7b900000)]
  0x0000017324e59a90 JavaThread "jar transforms Thread 5" [_thread_blocked, id=11464, stack(0x0000006c7b900000,0x0000006c7ba00000)]
  0x0000017324e5f600 JavaThread "jar transforms Thread 6" [_thread_blocked, id=7772, stack(0x0000006c7ba00000,0x0000006c7bb00000)]
  0x0000017324e5fad0 JavaThread "jar transforms Thread 7" [_thread_blocked, id=15192, stack(0x0000006c7bb00000,0x0000006c7bc00000)]
  0x0000017324e612e0 JavaThread "jar transforms Thread 8" [_thread_blocked, id=14296, stack(0x0000006c7bc00000,0x0000006c7bd00000)]
  0x0000017324e5c5e0 JavaThread "Memory manager" [_thread_blocked, id=4404, stack(0x0000006c7c000000,0x0000006c7c100000)]
  0x00000173261e7ad0 JavaThread "Cache worker for Java compile cache (C:\Users\atomf\.gradle\caches\7.4\javaCompile)" [_thread_blocked, id=13684, stack(0x0000006c7ce00000,0x0000006c7cf00000)]
  0x0000017325c0bd10 JavaThread "Daemon Thread 10" [_thread_blocked, id=5704, stack(0x0000006c78000000,0x0000006c78100000)]
  0x0000017325c0d520 JavaThread "Handler for socket connection from /127.0.0.1:64133 to /127.0.0.1:50936" [_thread_in_native, id=13860, stack(0x0000006c78100000,0x0000006c78200000)]
  0x0000017325c0dec0 JavaThread "Cancel handler" [_thread_blocked, id=12872, stack(0x0000006c78200000,0x0000006c78300000)]
  0x0000017325c0cb80 JavaThread "Daemon worker Thread 10" [_thread_blocked, id=6580, stack(0x0000006c79600000,0x0000006c79700000)]
  0x0000017325c0c1e0 JavaThread "Asynchronous log dispatcher for DefaultDaemonConnection: socket connection from /127.0.0.1:64133 to /127.0.0.1:50936" [_thread_blocked, id=5152, stack(0x0000006c79700000,0x0000006c79800000)]
  0x0000017325c0f200 JavaThread "Stdin handler" [_thread_blocked, id=14316, stack(0x0000006c7a000000,0x0000006c7a100000)]
  0x0000017325c10540 JavaThread "Daemon client event forwarder" [_thread_blocked, id=8480, stack(0x0000006c7a100000,0x0000006c7a200000)]
  0x0000017325c0f6d0 JavaThread "Cache worker for checksums cache (C:\Users\atomf\Desktop\code\java\minem\.gradle\7.4\checksums)" [_thread_blocked, id=4668, stack(0x0000006c7a200000,0x0000006c7a300000)]
  0x0000017325c0fba0 JavaThread "Cache worker for cache directory md-rule (C:\Users\atomf\.gradle\caches\7.4\md-rule)" [_thread_blocked, id=9180, stack(0x0000006c7a300000,0x0000006c7a400000)]
  0x0000017325c10ee0 JavaThread "Cache worker for file hash cache (C:\Users\atomf\Desktop\code\java\minem\.gradle\7.4\fileHashes)" [_thread_blocked, id=14148, stack(0x0000006c7a400000,0x0000006c7a500000)]
  0x0000017325c10070 JavaThread "Cache worker for cache directory md-supplier (C:\Users\atomf\.gradle\caches\7.4\md-supplier)" [_thread_blocked, id=9404, stack(0x0000006c7a500000,0x0000006c7a600000)]
  0x0000017325c0d050 JavaThread "Cache worker for dependencies-accessors (C:\Users\atomf\Desktop\code\java\minem\.gradle\7.4\dependencies-accessors)" [_thread_blocked, id=3204, stack(0x0000006c7a600000,0x0000006c7a700000)]
  0x0000017325c10a10 JavaThread "Cache worker for Build Output Cleanup Cache (C:\Users\atomf\Desktop\code\java\minem\.gradle\buildOutputCleanup)" [_thread_blocked, id=15044, stack(0x0000006c7ac00000,0x0000006c7ad00000)]
  0x0000017325c113b0 JavaThread "included builds" [_thread_blocked, id=15580, stack(0x0000006c7ae00000,0x0000006c7af00000)]
  0x0000017325c0aea0 JavaThread "Execution worker for ':'" [_thread_blocked, id=15784, stack(0x0000006c7af00000,0x0000006c7b000000)]
  0x0000017325c11d50 JavaThread "Execution worker for ':' Thread 2" [_thread_in_native, id=3804, stack(0x0000006c7bd00000,0x0000006c7be00000)]
  0x0000017325c12220 JavaThread "Execution worker for ':' Thread 3" [_thread_blocked, id=16036, stack(0x0000006c7be00000,0x0000006c7bf00000)]
  0x0000017325c126f0 JavaThread "Execution worker for ':' Thread 4" [_thread_blocked, id=12080, stack(0x0000006c7c100000,0x0000006c7c200000)]
  0x0000017325c0b370 JavaThread "Execution worker for ':' Thread 5" [_thread_blocked, id=14072, stack(0x0000006c7c200000,0x0000006c7c300000)]
  0x000001732644ff60 JavaThread "Execution worker for ':' Thread 6" [_thread_blocked, id=5556, stack(0x0000006c7c300000,0x0000006c7c400000)]
  0x000001732644c5a0 JavaThread "Execution worker for ':' Thread 7" [_thread_blocked, id=15608, stack(0x0000006c7c400000,0x0000006c7c500000)]
  0x000001732644ad90 JavaThread "Cache worker for execution history cache (C:\Users\atomf\Desktop\code\java\minem\.gradle\7.4\executionHistory)" [_thread_blocked, id=3248, stack(0x0000006c7c500000,0x0000006c7c600000)]
  0x000001732644f5c0 JavaThread "Unconstrained build operations" [_thread_blocked, id=420, stack(0x0000006c7c600000,0x0000006c7c700000)]
  0x000001732644bc00 JavaThread "Unconstrained build operations Thread 2" [_thread_blocked, id=11104, stack(0x0000006c7c700000,0x0000006c7c800000)]
  0x000001732644e280 JavaThread "Unconstrained build operations Thread 3" [_thread_blocked, id=13028, stack(0x0000006c7c800000,0x0000006c7c900000)]
  0x000001732644e750 JavaThread "Unconstrained build operations Thread 4" [_thread_blocked, id=16232, stack(0x0000006c7c900000,0x0000006c7ca00000)]
  0x000001732644ec20 JavaThread "Unconstrained build operations Thread 5" [_thread_blocked, id=9280, stack(0x0000006c7ca00000,0x0000006c7cb00000)]
  0x0000017326450430 JavaThread "Unconstrained build operations Thread 6" [_thread_blocked, id=3160, stack(0x0000006c7cb00000,0x0000006c7cc00000)]
  0x00000173264512a0 JavaThread "Unconstrained build operations Thread 7" [_thread_blocked, id=10108, stack(0x0000006c7cc00000,0x0000006c7cd00000)]
  0x000001732644cf40 JavaThread "Unconstrained build operations Thread 8" [_thread_blocked, id=10404, stack(0x0000006c7cd00000,0x0000006c7ce00000)]
  0x000001732644fa90 JavaThread "Unconstrained build operations Thread 9" [_thread_blocked, id=12008, stack(0x0000006c7cf00000,0x0000006c7d000000)]
  0x0000017326450dd0 JavaThread "Unconstrained build operations Thread 10" [_thread_blocked, id=15176, stack(0x0000006c7d000000,0x0000006c7d100000)]
  0x0000017326451770 JavaThread "Unconstrained build operations Thread 11" [_thread_blocked, id=10112, stack(0x0000006c7d100000,0x0000006c7d200000)]
  0x000001732644f0f0 JavaThread "Unconstrained build operations Thread 12" [_thread_blocked, id=11496, stack(0x0000006c7d200000,0x0000006c7d300000)]
  0x0000017326450900 JavaThread "Unconstrained build operations Thread 13" [_thread_blocked, id=5420, stack(0x0000006c7d400000,0x0000006c7d500000)]
  0x000001732644a8c0 JavaThread "Unconstrained build operations Thread 14" [_thread_blocked, id=11696, stack(0x0000006c7d500000,0x0000006c7d600000)]
  0x0000017326451c40 JavaThread "Unconstrained build operations Thread 15" [_thread_blocked, id=8280, stack(0x0000006c7d600000,0x0000006c7d700000)]
  0x000001732644b260 JavaThread "Unconstrained build operations Thread 16" [_thread_blocked, id=2124, stack(0x0000006c7d700000,0x0000006c7d800000)]
  0x000001732644ca70 JavaThread "Unconstrained build operations Thread 17" [_thread_blocked, id=10256, stack(0x0000006c7d800000,0x0000006c7d900000)]
  0x000001732644a3f0 JavaThread "Unconstrained build operations Thread 18" [_thread_blocked, id=10988, stack(0x0000006c7ad00000,0x0000006c7ae00000)]
  0x000001732644ddb0 JavaThread "Build operations" [_thread_blocked, id=13192, stack(0x0000006c7d900000,0x0000006c7da00000)]
  0x000001732644b730 JavaThread "Build operations Thread 2" [_thread_blocked, id=15232, stack(0x0000006c7da00000,0x0000006c7db00000)]
  0x000001732644d410 JavaThread "Build operations Thread 3" [_thread_blocked, id=10496, stack(0x0000006c7db00000,0x0000006c7dc00000)]
  0x000001732644d8e0 JavaThread "Build operations Thread 4" [_thread_blocked, id=6388, stack(0x0000006c7dc00000,0x0000006c7dd00000)]
  0x0000017329d3f150 JavaThread "Build operations Thread 5" [_thread_blocked, id=10816, stack(0x0000006c7dd00000,0x0000006c7de00000)]
  0x0000017329d42b10 JavaThread "Build operations Thread 6" [_thread_blocked, id=11240, stack(0x0000006c7de00000,0x0000006c7df00000)]
  0x0000017329d434b0 JavaThread "Build operations Thread 7" [_thread_blocked, id=10728, stack(0x0000006c7df00000,0x0000006c7e000000)]
  0x0000017329d41ca0 JavaThread "Build operations Thread 8" [_thread_blocked, id=7604, stack(0x0000006c7e000000,0x0000006c7e100000)]
  0x00000173268485e0 JavaThread "C2 CompilerThread1" daemon [_thread_in_native, id=7096, stack(0x0000006c7e100000,0x0000006c7e200000)]
  0x0000017329d3c600 JavaThread "Unconstrained build operations Thread 19" [_thread_blocked, id=16204, stack(0x0000006c7e200000,0x0000006c7e300000)]
  0x0000017329d3cad0 JavaThread "Unconstrained build operations Thread 20" [_thread_blocked, id=14268, stack(0x0000006c7e300000,0x0000006c7e400000)]
  0x0000017329d42170 JavaThread "Unconstrained build operations Thread 21" [_thread_blocked, id=16092, stack(0x0000006c7e400000,0x0000006c7e500000)]
  0x0000017329d3d940 JavaThread "Unconstrained build operations Thread 22" [_thread_blocked, id=10172, stack(0x0000006c7e500000,0x0000006c7e600000)]
  0x0000017329d3e2e0 JavaThread "Unconstrained build operations Thread 23" [_thread_blocked, id=15424, stack(0x0000006c7e600000,0x0000006c7e700000)]
  0x0000017329d3faf0 JavaThread "Unconstrained build operations Thread 24" [_thread_blocked, id=12896, stack(0x0000006c7e700000,0x0000006c7e800000)]

Other Threads:
  0x000001732292ab80 VMThread "VM Thread" [stack: 0x0000006c78900000,0x0000006c78a00000] [id=14756]
  0x00000173061f4e00 WatcherThread [stack: 0x0000006c79500000,0x0000006c79600000] [id=4672]
  0x00000173061e88f0 GCTaskThread "GC Thread#0" [stack: 0x0000006c78400000,0x0000006c78500000] [id=14248]
  0x00000173243530e0 GCTaskThread "GC Thread#1" [stack: 0x0000006c79800000,0x0000006c79900000] [id=13064]
  0x0000017323f03fe0 GCTaskThread "GC Thread#2" [stack: 0x0000006c79900000,0x0000006c79a00000] [id=15596]
  0x000001732458a9a0 GCTaskThread "GC Thread#3" [stack: 0x0000006c79a00000,0x0000006c79b00000] [id=1536]
  0x0000017323913c40 GCTaskThread "GC Thread#4" [stack: 0x0000006c79b00000,0x0000006c79c00000] [id=9168]
  0x0000017323aad3c0 GCTaskThread "GC Thread#5" [stack: 0x0000006c79c00000,0x0000006c79d00000] [id=5448]
  0x0000017325e43dc0 GCTaskThread "GC Thread#6" [stack: 0x0000006c7b000000,0x0000006c7b100000] [id=10348]
  0x0000017325e43b10 GCTaskThread "GC Thread#7" [stack: 0x0000006c7b100000,0x0000006c7b200000] [id=10312]
  0x00000173061ed830 ConcurrentGCThread "G1 Main Marker" [stack: 0x0000006c78500000,0x0000006c78600000] [id=10932]
  0x00000173061ee240 ConcurrentGCThread "G1 Conc#0" [stack: 0x0000006c78600000,0x0000006c78700000] [id=14684]
  0x0000017325e44070 ConcurrentGCThread "G1 Conc#1" [stack: 0x0000006c7b200000,0x0000006c7b300000] [id=14100]
  0x000001730628c770 ConcurrentGCThread "G1 Refine#0" [stack: 0x0000006c78700000,0x0000006c78800000] [id=14644]
  0x000001732861f0a0 ConcurrentGCThread "G1 Refine#1" [stack: 0x0000006c7bf00000,0x0000006c7c000000] [id=12056]
  0x000001732861ff00 ConcurrentGCThread "G1 Refine#2" [stack: 0x0000006c7d300000,0x0000006c7d400000] [id=13416]
  0x000001730628d190 ConcurrentGCThread "G1 Service" [stack: 0x0000006c78800000,0x0000006c78900000] [id=15220]

Threads with active compile tasks:
C2 CompilerThread0  6315386 22096       4       com.sun.tools.javac.jvm.ClassReader::readPosition (801 bytes)
C2 CompilerThread1  6315386 22141       4       org.gradle.api.internal.artifacts.ivyservice.resolveengine.graph.builder.ResolveState$SelectorCacheKey::equals (71 bytes)

VM state: not at safepoint (normal execution)

VM Mutex/Monitor currently owned by a thread: None

Heap address: 0x00000000e0000000, size: 512 MB, Compressed Oops mode: 32-bit

CDS archive(s) mapped at: [0x0000000800000000-0x0000000800bc0000-0x0000000800bc0000), size 12320768, SharedBaseAddress: 0x0000000800000000, ArchiveRelocationMode: 0.
Compressed class space mapped at: 0x0000000800c00000-0x000000080dc00000, reserved size: 218103808
Narrow klass base: 0x0000000800000000, Narrow klass shift: 0, Narrow klass range: 0x100000000

GC Precious Log:
 CPUs: 8 total, 8 available
 Memory: 7948M
 Large Page Support: Disabled
 NUMA Support: Disabled
 Compressed Oops: Enabled (32-bit)
 Heap Region Size: 1M
 Heap Min Capacity: 256M
 Heap Initial Capacity: 256M
 Heap Max Capacity: 512M
 Pre-touch: Disabled
 Parallel Workers: 8
 Concurrent Workers: 2
 Concurrent Refinement Workers: 8
 Periodic GC: Disabled

Heap:
 garbage-first heap   total 262144K, used 190707K [0x00000000e0000000, 0x0000000100000000)
  region size 1024K, 120 young (122880K), 6 survivors (6144K)
 Metaspace       used 94913K, committed 96384K, reserved 303104K
  class space    used 11945K, committed 12544K, reserved 212992K

Heap Regions: E=young(eden), S=young(survivor), O=old, HS=humongous(starts), HC=humongous(continues), CS=collection set, F=free, OA=open archive, CA=closed archive, TAMS=top-at-mark-start (previous, next)
|   0|0x00000000e0000000, 0x00000000e0100000, 0x00000000e0100000|100%| O|  |TAMS 0x00000000e0100000, 0x00000000e0000000| Untracked 
|   1|0x00000000e0100000, 0x00000000e0200000, 0x00000000e0200000|100%| O|  |TAMS 0x00000000e0200000, 0x00000000e0100000| Untracked 
|   2|0x00000000e0200000, 0x00000000e0300000, 0x00000000e0300000|100%| O|  |TAMS 0x00000000e0300000, 0x00000000e0200000| Untracked 
|   3|0x00000000e0300000, 0x00000000e0400000, 0x00000000e0400000|100%|HS|  |TAMS 0x00000000e0400000, 0x00000000e0300000| Complete 
|   4|0x00000000e0400000, 0x00000000e0500000, 0x00000000e0500000|100%|HC|  |TAMS 0x00000000e0500000, 0x00000000e0400000| Complete 
|   5|0x00000000e0500000, 0x00000000e0600000, 0x00000000e0600000|100%|HC|  |TAMS 0x00000000e0600000, 0x00000000e0500000| Complete 
|   6|0x00000000e0600000, 0x00000000e0700000, 0x00000000e0700000|100%| O|  |TAMS 0x00000000e0700000, 0x00000000e0600000| Untracked 
|   7|0x00000000e0700000, 0x00000000e0800000, 0x00000000e0800000|100%| O|  |TAMS 0x00000000e0800000, 0x00000000e0700000| Untracked 
|   8|0x00000000e0800000, 0x00000000e0900000, 0x00000000e0900000|100%| O|  |TAMS 0x00000000e0900000, 0x00000000e0800000| Untracked 
|   9|0x00000000e0900000, 0x00000000e0a00000, 0x00000000e0a00000|100%| O|  |TAMS 0x00000000e0a00000, 0x00000000e0900000| Untracked 
|  10|0x00000000e0a00000, 0x00000000e0b00000, 0x00000000e0b00000|100%| O|  |TAMS 0x00000000e0b00000, 0x00000000e0a00000| Untracked 
|  11|0x00000000e0b00000, 0x00000000e0c00000, 0x00000000e0c00000|100%| O|  |TAMS 0x00000000e0c00000, 0x00000000e0b00000| Untracked 
|  12|0x00000000e0c00000, 0x00000000e0d00000, 0x00000000e0d00000|100%| O|  |TAMS 0x00000000e0d00000, 0x00000000e0c00000| Untracked 
|  13|0x00000000e0d00000, 0x00000000e0e00000, 0x00000000e0e00000|100%| O|  |TAMS 0x00000000e0e00000, 0x00000000e0d00000| Untracked 
|  14|0x00000000e0e00000, 0x00000000e0f00000, 0x00000000e0f00000|100%| O|  |TAMS 0x00000000e0f00000, 0x00000000e0e00000| Untracked 
|  15|0x00000000e0f00000, 0x00000000e1000000, 0x00000000e1000000|100%| O|  |TAMS 0x00000000e0f00000, 0x00000000e0f00000| Untracked 
|  16|0x00000000e1000000, 0x00000000e1100000, 0x00000000e1100000|100%| O|  |TAMS 0x00000000e1100000, 0x00000000e1000000| Untracked 
|  17|0x00000000e1100000, 0x00000000e1200000, 0x00000000e1200000|100%| O|  |TAMS 0x00000000e1200000, 0x00000000e1100000| Untracked 
|  18|0x00000000e1200000, 0x00000000e1300000, 0x00000000e1300000|100%| O|  |TAMS 0x00000000e1300000, 0x00000000e1200000| Untracked 
|  19|0x00000000e1300000, 0x00000000e1400000, 0x00000000e1400000|100%| O|  |TAMS 0x00000000e1400000, 0x00000000e1300000| Untracked 
|  20|0x00000000e1400000, 0x00000000e1500000, 0x00000000e1500000|100%| O|  |TAMS 0x00000000e1500000, 0x00000000e1400000| Untracked 
|  21|0x00000000e1500000, 0x00000000e1600000, 0x00000000e1600000|100%| O|  |TAMS 0x00000000e1600000, 0x00000000e1500000| Untracked 
|  22|0x00000000e1600000, 0x00000000e1700000, 0x00000000e1700000|100%| O|  |TAMS 0x00000000e1700000, 0x00000000e1600000| Untracked 
|  23|0x00000000e1700000, 0x00000000e1800000, 0x00000000e1800000|100%| O|  |TAMS 0x00000000e1800000, 0x00000000e1700000| Untracked 
|  24|0x00000000e1800000, 0x00000000e1900000, 0x00000000e1900000|100%| O|  |TAMS 0x00000000e1900000, 0x00000000e1800000| Untracked 
|  25|0x00000000e1900000, 0x00000000e1a00000, 0x00000000e1a00000|100%| O|  |TAMS 0x00000000e1a00000, 0x00000000e1900000| Untracked 
|  26|0x00000000e1a00000, 0x00000000e1b00000, 0x00000000e1b00000|100%| O|  |TAMS 0x00000000e1b00000, 0x00000000e1a00000| Untracked 
|  27|0x00000000e1b00000, 0x00000000e1c00000, 0x00000000e1c00000|100%| O|  |TAMS 0x00000000e1c00000, 0x00000000e1b00000| Untracked 
|  28|0x00000000e1c00000, 0x00000000e1d00000, 0x00000000e1d00000|100%| O|  |TAMS 0x00000000e1d00000, 0x00000000e1c00000| Untracked 
|  29|0x00000000e1d00000, 0x00000000e1e00000, 0x00000000e1e00000|100%| O|  |TAMS 0x00000000e1e00000, 0x00000000e1d00000| Untracked 
|  30|0x00000000e1e00000, 0x00000000e1f00000, 0x00000000e1f00000|100%| O|  |TAMS 0x00000000e1e00000, 0x00000000e1e00000| Untracked 
|  31|0x00000000e1f00000, 0x00000000e2000000, 0x00000000e2000000|100%| O|  |TAMS 0x00000000e2000000, 0x00000000e1f00000| Untracked 
|  32|0x00000000e2000000, 0x00000000e2100000, 0x00000000e2100000|100%| O|  |TAMS 0x00000000e2100000, 0x00000000e2000000| Untracked 
|  33|0x00000000e2100000, 0x00000000e2200000, 0x00000000e2200000|100%| O|  |TAMS 0x00000000e2200000, 0x00000000e2100000| Untracked 
|  34|0x00000000e2200000, 0x00000000e2300000, 0x00000000e2300000|100%| O|  |TAMS 0x00000000e2300000, 0x00000000e2200000| Untracked 
|  35|0x00000000e2300000, 0x00000000e2400000, 0x00000000e2400000|100%| O|  |TAMS 0x00000000e2400000, 0x00000000e2300000| Untracked 
|  36|0x00000000e2400000, 0x00000000e2500000, 0x00000000e2500000|100%| O|  |TAMS 0x00000000e2500000, 0x00000000e2400000| Untracked 
|  37|0x00000000e2500000, 0x00000000e2600000, 0x00000000e2600000|100%| O|  |TAMS 0x00000000e2600000, 0x00000000e2500000| Untracked 
|  38|0x00000000e2600000, 0x00000000e2700000, 0x00000000e2700000|100%| O|  |TAMS 0x00000000e2700000, 0x00000000e2600000| Untracked 
|  39|0x00000000e2700000, 0x00000000e2800000, 0x00000000e2800000|100%| O|  |TAMS 0x00000000e2800000, 0x00000000e2700000| Untracked 
|  40|0x00000000e2800000, 0x00000000e2900000, 0x00000000e2900000|100%| O|  |TAMS 0x00000000e2900000, 0x00000000e2800000| Untracked 
|  41|0x00000000e2900000, 0x00000000e2a00000, 0x00000000e2a00000|100%| O|  |TAMS 0x00000000e2a00000, 0x00000000e2900000| Untracked 
|  42|0x00000000e2a00000, 0x00000000e2b00000, 0x00000000e2b00000|100%| O|  |TAMS 0x00000000e2b00000, 0x00000000e2a00000| Untracked 
|  43|0x00000000e2b00000, 0x00000000e2c00000, 0x00000000e2c00000|100%| O|  |TAMS 0x00000000e2c00000, 0x00000000e2b00000| Untracked 
|  44|0x00000000e2c00000, 0x00000000e2d00000, 0x00000000e2d00000|100%| O|  |TAMS 0x00000000e2d00000, 0x00000000e2c00000| Untracked 
|  45|0x00000000e2d00000, 0x00000000e2e00000, 0x00000000e2e00000|100%| O|  |TAMS 0x00000000e2de9e00, 0x00000000e2d00000| Untracked 
|  46|0x00000000e2e00000, 0x00000000e2f00000, 0x00000000e2f00000|100%| O|  |TAMS 0x00000000e2e00000, 0x00000000e2e00000| Untracked 
|  47|0x00000000e2f00000, 0x00000000e3000000, 0x00000000e3000000|100%| O|  |TAMS 0x00000000e2f00000, 0x00000000e2f00000| Untracked 
|  48|0x00000000e3000000, 0x00000000e3100000, 0x00000000e3100000|100%| O|  |TAMS 0x00000000e3000000, 0x00000000e3000000| Untracked 
|  49|0x00000000e3100000, 0x00000000e3200000, 0x00000000e3200000|100%| O|  |TAMS 0x00000000e3100000, 0x00000000e3100000| Untracked 
|  50|0x00000000e3200000, 0x00000000e3300000, 0x00000000e3300000|100%| O|  |TAMS 0x00000000e3200000, 0x00000000e3200000| Untracked 
|  51|0x00000000e3300000, 0x00000000e3400000, 0x00000000e3400000|100%| O|  |TAMS 0x00000000e3300000, 0x00000000e3300000| Untracked 
|  52|0x00000000e3400000, 0x00000000e3500000, 0x00000000e3500000|100%| O|  |TAMS 0x00000000e3400000, 0x00000000e3400000| Untracked 
|  53|0x00000000e3500000, 0x00000000e3600000, 0x00000000e3600000|100%| O|  |TAMS 0x00000000e3500000, 0x00000000e3500000| Untracked 
|  54|0x00000000e3600000, 0x00000000e3700000, 0x00000000e3700000|100%| O|  |TAMS 0x00000000e3600000, 0x00000000e3600000| Untracked 
|  55|0x00000000e3700000, 0x00000000e3800000, 0x00000000e3800000|100%| O|  |TAMS 0x00000000e3700000, 0x00000000e3700000| Untracked 
|  56|0x00000000e3800000, 0x00000000e3900000, 0x00000000e3900000|100%| O|  |TAMS 0x00000000e3800000, 0x00000000e3800000| Untracked 
|  57|0x00000000e3900000, 0x00000000e3a00000, 0x00000000e3a00000|100%| O|  |TAMS 0x00000000e3900000, 0x00000000e3900000| Untracked 
|  58|0x00000000e3a00000, 0x00000000e3b00000, 0x00000000e3b00000|100%| O|  |TAMS 0x00000000e3a00000, 0x00000000e3a00000| Untracked 
|  59|0x00000000e3b00000, 0x00000000e3c00000, 0x00000000e3c00000|100%| O|  |TAMS 0x00000000e3b00000, 0x00000000e3b00000| Untracked 
|  60|0x00000000e3c00000, 0x00000000e3d00000, 0x00000000e3d00000|100%| O|  |TAMS 0x00000000e3c00000, 0x00000000e3c00000| Untracked 
|  61|0x00000000e3d00000, 0x00000000e3e00000, 0x00000000e3e00000|100%| O|  |TAMS 0x00000000e3d00000, 0x00000000e3d00000| Untracked 
|  62|0x00000000e3e00000, 0x00000000e3f00000, 0x00000000e3f00000|100%| O|  |TAMS 0x00000000e3e00000, 0x00000000e3e00000| Untracked 
|  63|0x00000000e3f00000, 0x00000000e4000000, 0x00000000e4000000|100%| O|  |TAMS 0x00000000e3f00000, 0x00000000e3f00000| Untracked 
|  64|0x00000000e4000000, 0x00000000e4100000, 0x00000000e4100000|100%| O|  |TAMS 0x00000000e4000000, 0x00000000e4000000| Untracked 
|  65|0x00000000e4100000, 0x00000000e4200000, 0x00000000e4200000|100%| O|  |TAMS 0x00000000e4100000, 0x00000000e4100000| Untracked 
|  66|0x00000000e4200000, 0x00000000e4300000, 0x00000000e4300000|100%| O|  |TAMS 0x00000000e4200000, 0x00000000e4200000| Untracked 
|  67|0x00000000e4300000, 0x00000000e4400000, 0x00000000e4400000|100%| O|  |TAMS 0x00000000e4300000, 0x00000000e4300000| Untracked 
|  68|0x00000000e4400000, 0x00000000e44d3400, 0x00000000e4500000| 82%| O|  |TAMS 0x00000000e4400000, 0x00000000e4400000| Untracked 
|  69|0x00000000e4500000, 0x00000000e4500000, 0x00000000e4600000|  0%| F|  |TAMS 0x00000000e4500000, 0x00000000e4500000| Untracked 
|  70|0x00000000e4600000, 0x00000000e4600000, 0x00000000e4700000|  0%| F|  |TAMS 0x00000000e4600000, 0x00000000e4600000| Untracked 
|  71|0x00000000e4700000, 0x00000000e4700000, 0x00000000e4800000|  0%| F|  |TAMS 0x00000000e4700000, 0x00000000e4700000| Untracked 
|  72|0x00000000e4800000, 0x00000000e4800000, 0x00000000e4900000|  0%| F|  |TAMS 0x00000000e4800000, 0x00000000e4800000| Untracked 
|  73|0x00000000e4900000, 0x00000000e4900000, 0x00000000e4a00000|  0%| F|  |TAMS 0x00000000e4900000, 0x00000000e4900000| Untracked 
|  74|0x00000000e4a00000, 0x00000000e4a00000, 0x00000000e4b00000|  0%| F|  |TAMS 0x00000000e4a00000, 0x00000000e4a00000| Untracked 
|  75|0x00000000e4b00000, 0x00000000e4b00000, 0x00000000e4c00000|  0%| F|  |TAMS 0x00000000e4b00000, 0x00000000e4b00000| Untracked 
|  76|0x00000000e4c00000, 0x00000000e4c00000, 0x00000000e4d00000|  0%| F|  |TAMS 0x00000000e4c00000, 0x00000000e4c00000| Untracked 
|  77|0x00000000e4d00000, 0x00000000e4d00000, 0x00000000e4e00000|  0%| F|  |TAMS 0x00000000e4d00000, 0x00000000e4d00000| Untracked 
|  78|0x00000000e4e00000, 0x00000000e4e00000, 0x00000000e4f00000|  0%| F|  |TAMS 0x00000000e4e00000, 0x00000000e4e00000| Untracked 
|  79|0x00000000e4f00000, 0x00000000e4f00000, 0x00000000e5000000|  0%| F|  |TAMS 0x00000000e4f00000, 0x00000000e4f00000| Untracked 
|  80|0x00000000e5000000, 0x00000000e5000000, 0x00000000e5100000|  0%| F|  |TAMS 0x00000000e5000000, 0x00000000e5000000| Untracked 
|  81|0x00000000e5100000, 0x00000000e5100000, 0x00000000e5200000|  0%| F|  |TAMS 0x00000000e5100000, 0x00000000e5100000| Untracked 
|  82|0x00000000e5200000, 0x00000000e5200000, 0x00000000e5300000|  0%| F|  |TAMS 0x00000000e5200000, 0x00000000e5200000| Untracked 
|  83|0x00000000e5300000, 0x00000000e5300000, 0x00000000e5400000|  0%| F|  |TAMS 0x00000000e5300000, 0x00000000e5300000| Untracked 
|  84|0x00000000e5400000, 0x00000000e5400000, 0x00000000e5500000|  0%| F|  |TAMS 0x00000000e5400000, 0x00000000e5400000| Untracked 
|  85|0x00000000e5500000, 0x00000000e5500000, 0x00000000e5600000|  0%| F|  |TAMS 0x00000000e5500000, 0x00000000e5500000| Untracked 
|  86|0x00000000e5600000, 0x00000000e5600000, 0x00000000e5700000|  0%| F|  |TAMS 0x00000000e5600000, 0x00000000e5600000| Untracked 
|  87|0x00000000e5700000, 0x00000000e5700000, 0x00000000e5800000|  0%| F|  |TAMS 0x00000000e5700000, 0x00000000e5700000| Untracked 
|  88|0x00000000e5800000, 0x00000000e5800000, 0x00000000e5900000|  0%| F|  |TAMS 0x00000000e5800000, 0x00000000e5800000| Untracked 
|  89|0x00000000e5900000, 0x00000000e5900000, 0x00000000e5a00000|  0%| F|  |TAMS 0x00000000e5900000, 0x00000000e5900000| Untracked 
|  90|0x00000000e5a00000, 0x00000000e5a00000, 0x00000000e5b00000|  0%| F|  |TAMS 0x00000000e5a00000, 0x00000000e5a00000| Untracked 
|  91|0x00000000e5b00000, 0x00000000e5b00000, 0x00000000e5c00000|  0%| F|  |TAMS 0x00000000e5b00000, 0x00000000e5b00000| Untracked 
|  92|0x00000000e5c00000, 0x00000000e5c00000, 0x00000000e5d00000|  0%| F|  |TAMS 0x00000000e5c00000, 0x00000000e5c00000| Untracked 
|  93|0x00000000e5d00000, 0x00000000e5d00000, 0x00000000e5e00000|  0%| F|  |TAMS 0x00000000e5d00000, 0x00000000e5d00000| Untracked 
|  94|0x00000000e5e00000, 0x00000000e5e00000, 0x00000000e5f00000|  0%| F|  |TAMS 0x00000000e5e00000, 0x00000000e5e00000| Untracked 
|  95|0x00000000e5f00000, 0x00000000e5f00000, 0x00000000e6000000|  0%| F|  |TAMS 0x00000000e5f00000, 0x00000000e5f00000| Untracked 
|  96|0x00000000e6000000, 0x00000000e6000000, 0x00000000e6100000|  0%| F|  |TAMS 0x00000000e6000000, 0x00000000e6000000| Untracked 
|  97|0x00000000e6100000, 0x00000000e6100000, 0x00000000e6200000|  0%| F|  |TAMS 0x00000000e6100000, 0x00000000e6100000| Untracked 
|  98|0x00000000e6200000, 0x00000000e6200000, 0x00000000e6300000|  0%| F|  |TAMS 0x00000000e6200000, 0x00000000e6200000| Untracked 
|  99|0x00000000e6300000, 0x00000000e6300000, 0x00000000e6400000|  0%| F|  |TAMS 0x00000000e6300000, 0x00000000e6300000| Untracked 
| 100|0x00000000e6400000, 0x00000000e6400000, 0x00000000e6500000|  0%| F|  |TAMS 0x00000000e6400000, 0x00000000e6400000| Untracked 
| 101|0x00000000e6500000, 0x00000000e6500000, 0x00000000e6600000|  0%| F|  |TAMS 0x00000000e6500000, 0x00000000e6500000| Untracked 
| 102|0x00000000e6600000, 0x00000000e6600000, 0x00000000e6700000|  0%| F|  |TAMS 0x00000000e6600000, 0x00000000e6600000| Untracked 
| 103|0x00000000e6700000, 0x00000000e6700000, 0x00000000e6800000|  0%| F|  |TAMS 0x00000000e6700000, 0x00000000e6700000| Untracked 
| 104|0x00000000e6800000, 0x00000000e6800000, 0x00000000e6900000|  0%| F|  |TAMS 0x00000000e6800000, 0x00000000e6800000| Untracked 
| 105|0x00000000e6900000, 0x00000000e6900000, 0x00000000e6a00000|  0%| F|  |TAMS 0x00000000e6900000, 0x00000000e6900000| Untracked 
| 106|0x00000000e6a00000, 0x00000000e6a00000, 0x00000000e6b00000|  0%| F|  |TAMS 0x00000000e6a00000, 0x00000000e6a00000| Untracked 
| 107|0x00000000e6b00000, 0x00000000e6b00000, 0x00000000e6c00000|  0%| F|  |TAMS 0x00000000e6b00000, 0x00000000e6b00000| Untracked 
| 108|0x00000000e6c00000, 0x00000000e6c00000, 0x00000000e6d00000|  0%| F|  |TAMS 0x00000000e6c00000, 0x00000000e6c00000| Untracked 
| 109|0x00000000e6d00000, 0x00000000e6d00000, 0x00000000e6e00000|  0%| F|  |TAMS 0x00000000e6d00000, 0x00000000e6d00000| Untracked 
| 110|0x00000000e6e00000, 0x00000000e6e00000, 0x00000000e6f00000|  0%| F|  |TAMS 0x00000000e6e00000, 0x00000000e6e00000| Untracked 
| 111|0x00000000e6f00000, 0x00000000e6f00000, 0x00000000e7000000|  0%| F|  |TAMS 0x00000000e6f00000, 0x00000000e6f00000| Untracked 
| 112|0x00000000e7000000, 0x00000000e7000000, 0x00000000e7100000|  0%| F|  |TAMS 0x00000000e7000000, 0x00000000e7000000| Untracked 
| 113|0x00000000e7100000, 0x00000000e7100000, 0x00000000e7200000|  0%| F|  |TAMS 0x00000000e7100000, 0x00000000e7100000| Untracked 
| 114|0x00000000e7200000, 0x00000000e7200000, 0x00000000e7300000|  0%| F|  |TAMS 0x00000000e7200000, 0x00000000e7200000| Untracked 
| 115|0x00000000e7300000, 0x00000000e7369900, 0x00000000e7400000| 41%| S|CS|TAMS 0x00000000e7300000, 0x00000000e7300000| Complete 
| 116|0x00000000e7400000, 0x00000000e7500000, 0x00000000e7500000|100%| S|CS|TAMS 0x00000000e7400000, 0x00000000e7400000| Complete 
| 117|0x00000000e7500000, 0x00000000e7600000, 0x00000000e7600000|100%| S|CS|TAMS 0x00000000e7500000, 0x00000000e7500000| Complete 
| 118|0x00000000e7600000, 0x00000000e7700000, 0x00000000e7700000|100%| S|CS|TAMS 0x00000000e7600000, 0x00000000e7600000| Complete 
| 119|0x00000000e7700000, 0x00000000e7800000, 0x00000000e7800000|100%| S|CS|TAMS 0x00000000e7700000, 0x00000000e7700000| Complete 
| 120|0x00000000e7800000, 0x00000000e7900000, 0x00000000e7900000|100%| S|CS|TAMS 0x00000000e7800000, 0x00000000e7800000| Complete 
| 121|0x00000000e7900000, 0x00000000e7900000, 0x00000000e7a00000|  0%| F|  |TAMS 0x00000000e7900000, 0x00000000e7900000| Untracked 
| 122|0x00000000e7a00000, 0x00000000e7a00000, 0x00000000e7b00000|  0%| F|  |TAMS 0x00000000e7a00000, 0x00000000e7a00000| Untracked 
| 123|0x00000000e7b00000, 0x00000000e7b00000, 0x00000000e7c00000|  0%| F|  |TAMS 0x00000000e7b00000, 0x00000000e7b00000| Untracked 
| 124|0x00000000e7c00000, 0x00000000e7c00000, 0x00000000e7d00000|  0%| F|  |TAMS 0x00000000e7c00000, 0x00000000e7c00000| Untracked 
| 125|0x00000000e7d00000, 0x00000000e7d00000, 0x00000000e7e00000|  0%| F|  |TAMS 0x00000000e7d00000, 0x00000000e7d00000| Untracked 
| 126|0x00000000e7e00000, 0x00000000e7e00000, 0x00000000e7f00000|  0%| F|  |TAMS 0x00000000e7e00000, 0x00000000e7e00000| Untracked 
| 127|0x00000000e7f00000, 0x00000000e7f00000, 0x00000000e8000000|  0%| F|  |TAMS 0x00000000e7f00000, 0x00000000e7f00000| Untracked 
| 128|0x00000000e8000000, 0x00000000e8000000, 0x00000000e8100000|  0%| F|  |TAMS 0x00000000e8000000, 0x00000000e8000000| Untracked 
| 129|0x00000000e8100000, 0x00000000e8100000, 0x00000000e8200000|  0%| F|  |TAMS 0x00000000e8100000, 0x00000000e8100000| Untracked 
| 130|0x00000000e8200000, 0x00000000e8200000, 0x00000000e8300000|  0%| F|  |TAMS 0x00000000e8200000, 0x00000000e8200000| Untracked 
| 131|0x00000000e8300000, 0x00000000e8300000, 0x00000000e8400000|  0%| F|  |TAMS 0x00000000e8300000, 0x00000000e8300000| Untracked 
| 132|0x00000000e8400000, 0x00000000e8400000, 0x00000000e8500000|  0%| F|  |TAMS 0x00000000e8400000, 0x00000000e8400000| Untracked 
| 133|0x00000000e8500000, 0x00000000e8500000, 0x00000000e8600000|  0%| F|  |TAMS 0x00000000e8500000, 0x00000000e8500000| Untracked 
| 134|0x00000000e8600000, 0x00000000e8600000, 0x00000000e8700000|  0%| F|  |TAMS 0x00000000e8600000, 0x00000000e8600000| Untracked 
| 135|0x00000000e8700000, 0x00000000e8700000, 0x00000000e8800000|  0%| F|  |TAMS 0x00000000e8700000, 0x00000000e8700000| Untracked 
| 136|0x00000000e8800000, 0x00000000e8800000, 0x00000000e8900000|  0%| F|  |TAMS 0x00000000e8800000, 0x00000000e8800000| Untracked 
| 137|0x00000000e8900000, 0x00000000e8900000, 0x00000000e8a00000|  0%| F|  |TAMS 0x00000000e8900000, 0x00000000e8900000| Untracked 
| 138|0x00000000e8a00000, 0x00000000e8a00000, 0x00000000e8b00000|  0%| F|  |TAMS 0x00000000e8a00000, 0x00000000e8a00000| Untracked 
| 139|0x00000000e8b00000, 0x00000000e8b00000, 0x00000000e8c00000|  0%| F|  |TAMS 0x00000000e8b00000, 0x00000000e8b00000| Untracked 
| 140|0x00000000e8c00000, 0x00000000e8c00000, 0x00000000e8d00000|  0%| F|  |TAMS 0x00000000e8c00000, 0x00000000e8c00000| Untracked 
| 141|0x00000000e8d00000, 0x00000000e8d00000, 0x00000000e8e00000|  0%| F|  |TAMS 0x00000000e8d00000, 0x00000000e8d00000| Untracked 
| 142|0x00000000e8e00000, 0x00000000e8e2c130, 0x00000000e8f00000| 17%| E|  |TAMS 0x00000000e8e00000, 0x00000000e8e00000| Complete 
| 143|0x00000000e8f00000, 0x00000000e9000000, 0x00000000e9000000|100%| E|CS|TAMS 0x00000000e8f00000, 0x00000000e8f00000| Complete 
| 144|0x00000000e9000000, 0x00000000e9100000, 0x00000000e9100000|100%| E|CS|TAMS 0x00000000e9000000, 0x00000000e9000000| Complete 
| 145|0x00000000e9100000, 0x00000000e9200000, 0x00000000e9200000|100%| E|CS|TAMS 0x00000000e9100000, 0x00000000e9100000| Complete 
| 146|0x00000000e9200000, 0x00000000e9300000, 0x00000000e9300000|100%| E|CS|TAMS 0x00000000e9200000, 0x00000000e9200000| Complete 
| 147|0x00000000e9300000, 0x00000000e9400000, 0x00000000e9400000|100%| E|CS|TAMS 0x00000000e9300000, 0x00000000e9300000| Complete 
| 148|0x00000000e9400000, 0x00000000e9500000, 0x00000000e9500000|100%| E|CS|TAMS 0x00000000e9400000, 0x00000000e9400000| Complete 
| 149|0x00000000e9500000, 0x00000000e9600000, 0x00000000e9600000|100%| E|CS|TAMS 0x00000000e9500000, 0x00000000e9500000| Complete 
| 150|0x00000000e9600000, 0x00000000e9700000, 0x00000000e9700000|100%| E|CS|TAMS 0x00000000e9600000, 0x00000000e9600000| Complete 
| 151|0x00000000e9700000, 0x00000000e9800000, 0x00000000e9800000|100%| E|CS|TAMS 0x00000000e9700000, 0x00000000e9700000| Complete 
| 152|0x00000000e9800000, 0x00000000e9900000, 0x00000000e9900000|100%| E|CS|TAMS 0x00000000e9800000, 0x00000000e9800000| Complete 
| 153|0x00000000e9900000, 0x00000000e9a00000, 0x00000000e9a00000|100%| E|CS|TAMS 0x00000000e9900000, 0x00000000e9900000| Complete 
| 154|0x00000000e9a00000, 0x00000000e9b00000, 0x00000000e9b00000|100%| E|CS|TAMS 0x00000000e9a00000, 0x00000000e9a00000| Complete 
| 155|0x00000000e9b00000, 0x00000000e9c00000, 0x00000000e9c00000|100%| E|CS|TAMS 0x00000000e9b00000, 0x00000000e9b00000| Complete 
| 156|0x00000000e9c00000, 0x00000000e9d00000, 0x00000000e9d00000|100%| E|CS|TAMS 0x00000000e9c00000, 0x00000000e9c00000| Complete 
| 157|0x00000000e9d00000, 0x00000000e9e00000, 0x00000000e9e00000|100%| E|CS|TAMS 0x00000000e9d00000, 0x00000000e9d00000| Complete 
| 158|0x00000000e9e00000, 0x00000000e9f00000, 0x00000000e9f00000|100%| E|CS|TAMS 0x00000000e9e00000, 0x00000000e9e00000| Complete 
| 159|0x00000000e9f00000, 0x00000000ea000000, 0x00000000ea000000|100%| E|CS|TAMS 0x00000000e9f00000, 0x00000000e9f00000| Complete 
| 160|0x00000000ea000000, 0x00000000ea100000, 0x00000000ea100000|100%| E|CS|TAMS 0x00000000ea000000, 0x00000000ea000000| Complete 
| 161|0x00000000ea100000, 0x00000000ea200000, 0x00000000ea200000|100%| E|CS|TAMS 0x00000000ea100000, 0x00000000ea100000| Complete 
| 162|0x00000000ea200000, 0x00000000ea300000, 0x00000000ea300000|100%| E|CS|TAMS 0x00000000ea200000, 0x00000000ea200000| Complete 
| 163|0x00000000ea300000, 0x00000000ea400000, 0x00000000ea400000|100%| E|CS|TAMS 0x00000000ea300000, 0x00000000ea300000| Complete 
| 164|0x00000000ea400000, 0x00000000ea500000, 0x00000000ea500000|100%| E|CS|TAMS 0x00000000ea400000, 0x00000000ea400000| Complete 
| 165|0x00000000ea500000, 0x00000000ea600000, 0x00000000ea600000|100%| E|CS|TAMS 0x00000000ea500000, 0x00000000ea500000| Complete 
| 166|0x00000000ea600000, 0x00000000ea700000, 0x00000000ea700000|100%| E|CS|TAMS 0x00000000ea600000, 0x00000000ea600000| Complete 
| 167|0x00000000ea700000, 0x00000000ea800000, 0x00000000ea800000|100%| E|CS|TAMS 0x00000000ea700000, 0x00000000ea700000| Complete 
| 168|0x00000000ea800000, 0x00000000ea900000, 0x00000000ea900000|100%| E|CS|TAMS 0x00000000ea800000, 0x00000000ea800000| Complete 
| 169|0x00000000ea900000, 0x00000000eaa00000, 0x00000000eaa00000|100%| E|CS|TAMS 0x00000000ea900000, 0x00000000ea900000| Complete 
| 170|0x00000000eaa00000, 0x00000000eab00000, 0x00000000eab00000|100%| E|CS|TAMS 0x00000000eaa00000, 0x00000000eaa00000| Complete 
| 171|0x00000000eab00000, 0x00000000eac00000, 0x00000000eac00000|100%| E|CS|TAMS 0x00000000eab00000, 0x00000000eab00000| Complete 
| 172|0x00000000eac00000, 0x00000000ead00000, 0x00000000ead00000|100%| E|CS|TAMS 0x00000000eac00000, 0x00000000eac00000| Complete 
| 173|0x00000000ead00000, 0x00000000eae00000, 0x00000000eae00000|100%| E|CS|TAMS 0x00000000ead00000, 0x00000000ead00000| Complete 
| 174|0x00000000eae00000, 0x00000000eaf00000, 0x00000000eaf00000|100%| E|CS|TAMS 0x00000000eae00000, 0x00000000eae00000| Complete 
| 175|0x00000000eaf00000, 0x00000000eb000000, 0x00000000eb000000|100%| E|CS|TAMS 0x00000000eaf00000, 0x00000000eaf00000| Complete 
| 176|0x00000000eb000000, 0x00000000eb100000, 0x00000000eb100000|100%| E|CS|TAMS 0x00000000eb000000, 0x00000000eb000000| Complete 
| 177|0x00000000eb100000, 0x00000000eb200000, 0x00000000eb200000|100%| E|CS|TAMS 0x00000000eb100000, 0x00000000eb100000| Complete 
| 178|0x00000000eb200000, 0x00000000eb300000, 0x00000000eb300000|100%| E|CS|TAMS 0x00000000eb200000, 0x00000000eb200000| Complete 
| 179|0x00000000eb300000, 0x00000000eb400000, 0x00000000eb400000|100%| E|CS|TAMS 0x00000000eb300000, 0x00000000eb300000| Complete 
| 180|0x00000000eb400000, 0x00000000eb500000, 0x00000000eb500000|100%| E|CS|TAMS 0x00000000eb400000, 0x00000000eb400000| Complete 
| 181|0x00000000eb500000, 0x00000000eb600000, 0x00000000eb600000|100%| E|CS|TAMS 0x00000000eb500000, 0x00000000eb500000| Complete 
| 182|0x00000000eb600000, 0x00000000eb700000, 0x00000000eb700000|100%| E|CS|TAMS 0x00000000eb600000, 0x00000000eb600000| Complete 
| 183|0x00000000eb700000, 0x00000000eb800000, 0x00000000eb800000|100%| E|CS|TAMS 0x00000000eb700000, 0x00000000eb700000| Complete 
| 184|0x00000000eb800000, 0x00000000eb900000, 0x00000000eb900000|100%| E|CS|TAMS 0x00000000eb800000, 0x00000000eb800000| Complete 
| 185|0x00000000eb900000, 0x00000000eba00000, 0x00000000eba00000|100%| E|CS|TAMS 0x00000000eb900000, 0x00000000eb900000| Complete 
| 186|0x00000000eba00000, 0x00000000ebb00000, 0x00000000ebb00000|100%| E|CS|TAMS 0x00000000eba00000, 0x00000000eba00000| Complete 
| 187|0x00000000ebb00000, 0x00000000ebc00000, 0x00000000ebc00000|100%| E|CS|TAMS 0x00000000ebb00000, 0x00000000ebb00000| Complete 
| 188|0x00000000ebc00000, 0x00000000ebd00000, 0x00000000ebd00000|100%| E|  |TAMS 0x00000000ebc00000, 0x00000000ebc00000| Complete 
| 189|0x00000000ebd00000, 0x00000000ebe00000, 0x00000000ebe00000|100%| E|CS|TAMS 0x00000000ebd00000, 0x00000000ebd00000| Complete 
| 190|0x00000000ebe00000, 0x00000000ebf00000, 0x00000000ebf00000|100%| E|CS|TAMS 0x00000000ebe00000, 0x00000000ebe00000| Complete 
| 191|0x00000000ebf00000, 0x00000000ec000000, 0x00000000ec000000|100%| E|CS|TAMS 0x00000000ebf00000, 0x00000000ebf00000| Complete 
| 192|0x00000000ec000000, 0x00000000ec100000, 0x00000000ec100000|100%| E|CS|TAMS 0x00000000ec000000, 0x00000000ec000000| Complete 
| 193|0x00000000ec100000, 0x00000000ec200000, 0x00000000ec200000|100%| E|CS|TAMS 0x00000000ec100000, 0x00000000ec100000| Complete 
| 194|0x00000000ec200000, 0x00000000ec300000, 0x00000000ec300000|100%| E|CS|TAMS 0x00000000ec200000, 0x00000000ec200000| Complete 
| 195|0x00000000ec300000, 0x00000000ec400000, 0x00000000ec400000|100%| E|CS|TAMS 0x00000000ec300000, 0x00000000ec300000| Complete 
| 196|0x00000000ec400000, 0x00000000ec500000, 0x00000000ec500000|100%| E|CS|TAMS 0x00000000ec400000, 0x00000000ec400000| Complete 
| 197|0x00000000ec500000, 0x00000000ec600000, 0x00000000ec600000|100%| E|CS|TAMS 0x00000000ec500000, 0x00000000ec500000| Complete 
| 198|0x00000000ec600000, 0x00000000ec700000, 0x00000000ec700000|100%| E|CS|TAMS 0x00000000ec600000, 0x00000000ec600000| Complete 
| 199|0x00000000ec700000, 0x00000000ec800000, 0x00000000ec800000|100%| E|CS|TAMS 0x00000000ec700000, 0x00000000ec700000| Complete 
| 200|0x00000000ec800000, 0x00000000ec900000, 0x00000000ec900000|100%| E|CS|TAMS 0x00000000ec800000, 0x00000000ec800000| Complete 
| 201|0x00000000ec900000, 0x00000000eca00000, 0x00000000eca00000|100%| E|CS|TAMS 0x00000000ec900000, 0x00000000ec900000| Complete 
| 202|0x00000000eca00000, 0x00000000ecb00000, 0x00000000ecb00000|100%| E|CS|TAMS 0x00000000eca00000, 0x00000000eca00000| Complete 
| 203|0x00000000ecb00000, 0x00000000ecc00000, 0x00000000ecc00000|100%| E|CS|TAMS 0x00000000ecb00000, 0x00000000ecb00000| Complete 
| 204|0x00000000ecc00000, 0x00000000ecd00000, 0x00000000ecd00000|100%| E|CS|TAMS 0x00000000ecc00000, 0x00000000ecc00000| Complete 
| 205|0x00000000ecd00000, 0x00000000ece00000, 0x00000000ece00000|100%| E|CS|TAMS 0x00000000ecd00000, 0x00000000ecd00000| Complete 
| 206|0x00000000ece00000, 0x00000000ecf00000, 0x00000000ecf00000|100%| E|CS|TAMS 0x00000000ece00000, 0x00000000ece00000| Complete 
| 207|0x00000000ecf00000, 0x00000000ed000000, 0x00000000ed000000|100%| E|CS|TAMS 0x00000000ecf00000, 0x00000000ecf00000| Complete 
| 208|0x00000000ed000000, 0x00000000ed100000, 0x00000000ed100000|100%| E|CS|TAMS 0x00000000ed000000, 0x00000000ed000000| Complete 
| 209|0x00000000ed100000, 0x00000000ed200000, 0x00000000ed200000|100%| E|CS|TAMS 0x00000000ed100000, 0x00000000ed100000| Complete 
| 210|0x00000000ed200000, 0x00000000ed300000, 0x00000000ed300000|100%| E|CS|TAMS 0x00000000ed200000, 0x00000000ed200000| Complete 
| 211|0x00000000ed300000, 0x00000000ed400000, 0x00000000ed400000|100%| E|CS|TAMS 0x00000000ed300000, 0x00000000ed300000| Complete 
| 212|0x00000000ed400000, 0x00000000ed500000, 0x00000000ed500000|100%| E|CS|TAMS 0x00000000ed400000, 0x00000000ed400000| Complete 
| 213|0x00000000ed500000, 0x00000000ed600000, 0x00000000ed600000|100%| E|CS|TAMS 0x00000000ed500000, 0x00000000ed500000| Complete 
| 214|0x00000000ed600000, 0x00000000ed700000, 0x00000000ed700000|100%| E|CS|TAMS 0x00000000ed600000, 0x00000000ed600000| Complete 
| 215|0x00000000ed700000, 0x00000000ed800000, 0x00000000ed800000|100%| E|CS|TAMS 0x00000000ed700000, 0x00000000ed700000| Complete 
| 216|0x00000000ed800000, 0x00000000ed900000, 0x00000000ed900000|100%| E|CS|TAMS 0x00000000ed800000, 0x00000000ed800000| Complete 
| 217|0x00000000ed900000, 0x00000000eda00000, 0x00000000eda00000|100%| E|CS|TAMS 0x00000000ed900000, 0x00000000ed900000| Complete 
| 218|0x00000000eda00000, 0x00000000edb00000, 0x00000000edb00000|100%| E|CS|TAMS 0x00000000eda00000, 0x00000000eda00000| Complete 
| 219|0x00000000edb00000, 0x00000000edc00000, 0x00000000edc00000|100%| E|CS|TAMS 0x00000000edb00000, 0x00000000edb00000| Complete 
| 220|0x00000000edc00000, 0x00000000edd00000, 0x00000000edd00000|100%| E|CS|TAMS 0x00000000edc00000, 0x00000000edc00000| Complete 
| 221|0x00000000edd00000, 0x00000000ede00000, 0x00000000ede00000|100%| E|CS|TAMS 0x00000000edd00000, 0x00000000edd00000| Complete 
| 222|0x00000000ede00000, 0x00000000edf00000, 0x00000000edf00000|100%| E|CS|TAMS 0x00000000ede00000, 0x00000000ede00000| Complete 
| 223|0x00000000edf00000, 0x00000000ee000000, 0x00000000ee000000|100%| E|CS|TAMS 0x00000000edf00000, 0x00000000edf00000| Complete 
| 224|0x00000000ee000000, 0x00000000ee100000, 0x00000000ee100000|100%| E|CS|TAMS 0x00000000ee000000, 0x00000000ee000000| Complete 
| 225|0x00000000ee100000, 0x00000000ee200000, 0x00000000ee200000|100%| E|CS|TAMS 0x00000000ee100000, 0x00000000ee100000| Complete 
| 226|0x00000000ee200000, 0x00000000ee300000, 0x00000000ee300000|100%| E|CS|TAMS 0x00000000ee200000, 0x00000000ee200000| Complete 
| 227|0x00000000ee300000, 0x00000000ee400000, 0x00000000ee400000|100%| E|CS|TAMS 0x00000000ee300000, 0x00000000ee300000| Complete 
| 228|0x00000000ee400000, 0x00000000ee500000, 0x00000000ee500000|100%| E|CS|TAMS 0x00000000ee400000, 0x00000000ee400000| Complete 
| 229|0x00000000ee500000, 0x00000000ee600000, 0x00000000ee600000|100%| E|CS|TAMS 0x00000000ee500000, 0x00000000ee500000| Complete 
| 230|0x00000000ee600000, 0x00000000ee700000, 0x00000000ee700000|100%| E|CS|TAMS 0x00000000ee600000, 0x00000000ee600000| Complete 
| 231|0x00000000ee700000, 0x00000000ee800000, 0x00000000ee800000|100%| E|CS|TAMS 0x00000000ee700000, 0x00000000ee700000| Complete 
| 232|0x00000000ee800000, 0x00000000ee900000, 0x00000000ee900000|100%| E|CS|TAMS 0x00000000ee800000, 0x00000000ee800000| Complete 
| 233|0x00000000ee900000, 0x00000000eea00000, 0x00000000eea00000|100%| E|CS|TAMS 0x00000000ee900000, 0x00000000ee900000| Complete 
| 234|0x00000000eea00000, 0x00000000eeb00000, 0x00000000eeb00000|100%| E|CS|TAMS 0x00000000eea00000, 0x00000000eea00000| Complete 
| 235|0x00000000eeb00000, 0x00000000eec00000, 0x00000000eec00000|100%| E|CS|TAMS 0x00000000eeb00000, 0x00000000eeb00000| Complete 
| 236|0x00000000eec00000, 0x00000000eed00000, 0x00000000eed00000|100%| E|CS|TAMS 0x00000000eec00000, 0x00000000eec00000| Complete 
| 237|0x00000000eed00000, 0x00000000eee00000, 0x00000000eee00000|100%| E|CS|TAMS 0x00000000eed00000, 0x00000000eed00000| Complete 
| 238|0x00000000eee00000, 0x00000000eef00000, 0x00000000eef00000|100%| E|CS|TAMS 0x00000000eee00000, 0x00000000eee00000| Complete 
| 239|0x00000000eef00000, 0x00000000ef000000, 0x00000000ef000000|100%| E|CS|TAMS 0x00000000eef00000, 0x00000000eef00000| Complete 
| 240|0x00000000ef000000, 0x00000000ef100000, 0x00000000ef100000|100%| E|CS|TAMS 0x00000000ef000000, 0x00000000ef000000| Complete 
| 241|0x00000000ef100000, 0x00000000ef200000, 0x00000000ef200000|100%| E|CS|TAMS 0x00000000ef100000, 0x00000000ef100000| Complete 
| 242|0x00000000ef200000, 0x00000000ef300000, 0x00000000ef300000|100%| E|CS|TAMS 0x00000000ef200000, 0x00000000ef200000| Complete 
| 243|0x00000000ef300000, 0x00000000ef400000, 0x00000000ef400000|100%| E|CS|TAMS 0x00000000ef300000, 0x00000000ef300000| Complete 
| 244|0x00000000ef400000, 0x00000000ef500000, 0x00000000ef500000|100%| E|CS|TAMS 0x00000000ef400000, 0x00000000ef400000| Complete 
| 245|0x00000000ef500000, 0x00000000ef600000, 0x00000000ef600000|100%| E|CS|TAMS 0x00000000ef500000, 0x00000000ef500000| Complete 
| 246|0x00000000ef600000, 0x00000000ef700000, 0x00000000ef700000|100%| E|CS|TAMS 0x00000000ef600000, 0x00000000ef600000| Complete 
| 247|0x00000000ef700000, 0x00000000ef800000, 0x00000000ef800000|100%| E|CS|TAMS 0x00000000ef700000, 0x00000000ef700000| Complete 
| 248|0x00000000ef800000, 0x00000000ef900000, 0x00000000ef900000|100%| E|CS|TAMS 0x00000000ef800000, 0x00000000ef800000| Complete 
| 249|0x00000000ef900000, 0x00000000efa00000, 0x00000000efa00000|100%| E|CS|TAMS 0x00000000ef900000, 0x00000000ef900000| Complete 
| 250|0x00000000efa00000, 0x00000000efb00000, 0x00000000efb00000|100%| E|CS|TAMS 0x00000000efa00000, 0x00000000efa00000| Complete 
| 251|0x00000000efb00000, 0x00000000efc00000, 0x00000000efc00000|100%| E|CS|TAMS 0x00000000efb00000, 0x00000000efb00000| Complete 
| 252|0x00000000efc00000, 0x00000000efd00000, 0x00000000efd00000|100%| E|CS|TAMS 0x00000000efc00000, 0x00000000efc00000| Complete 
| 253|0x00000000efd00000, 0x00000000efe00000, 0x00000000efe00000|100%| E|CS|TAMS 0x00000000efd00000, 0x00000000efd00000| Complete 
| 254|0x00000000efe00000, 0x00000000eff00000, 0x00000000eff00000|100%| E|CS|TAMS 0x00000000efe00000, 0x00000000efe00000| Complete 
| 255|0x00000000eff00000, 0x00000000f0000000, 0x00000000f0000000|100%| E|CS|TAMS 0x00000000eff00000, 0x00000000eff00000| Complete 

Card table byte_map: [0x000001731ed30000,0x000001731ee30000] _byte_map_base: 0x000001731e630000

Marking Bits (Prev, Next): (CMBitMap*) 0x00000173061e8f40, (CMBitMap*) 0x00000173061e8f00
 Prev Bits: [0x000001731f730000, 0x000001731ff30000)
 Next Bits: [0x000001731ef30000, 0x000001731f730000)

Polling page: 0x0000017306290000

Metaspace:

Usage:
  Non-class:     81.02 MB used.
      Class:     11.67 MB used.
       Both:     92.69 MB used.

Virtual space:
  Non-class space:       88.00 MB reserved,      81.88 MB ( 93%) committed,  11 nodes.
      Class space:      208.00 MB reserved,      12.25 MB (  6%) committed,  1 nodes.
             Both:      296.00 MB reserved,      94.12 MB ( 32%) committed. 

Chunk freelists:
   Non-Class:  1.53 MB
       Class:  3.78 MB
        Both:  5.31 MB

MaxMetaspaceSize: 256.00 MB
CompressedClassSpaceSize: 208.00 MB
Initial GC threshold: 21.00 MB
Current GC threshold: 99.69 MB
CDS: on
MetaspaceReclaimPolicy: balanced
 - commit_granule_bytes: 65536.
 - commit_granule_words: 8192.
 - virtual_space_node_default_size: 1048576.
 - enlarge_chunks_in_place: 1.
 - new_chunks_are_fully_committed: 0.
 - uncommit_free_chunks: 1.
 - use_allocation_guard: 0.
 - handle_deallocations: 1.


Internal statistics:

num_allocs_failed_limit: 12.
num_arena_births: 1608.
num_arena_deaths: 0.
num_vsnodes_births: 12.
num_vsnodes_deaths: 0.
num_space_committed: 1506.
num_space_uncommitted: 0.
num_chunks_returned_to_freelist: 12.
num_chunks_taken_from_freelist: 5960.
num_chunk_merges: 12.
num_chunk_splits: 3785.
num_chunks_enlarged: 2311.
num_purges: 0.
num_inconsistent_stats: 0.

CodeHeap 'non-profiled nmethods': size=120000Kb used=14985Kb max_used=14985Kb free=105014Kb
 bounds [0x0000017316c90000, 0x0000017317b40000, 0x000001731e1c0000]
CodeHeap 'profiled nmethods': size=120000Kb used=38719Kb max_used=38719Kb free=81280Kb
 bounds [0x000001730f760000, 0x0000017311d40000, 0x0000017316c90000]
CodeHeap 'non-nmethods': size=5760Kb used=2380Kb max_used=2488Kb free=3379Kb
 bounds [0x000001730f1c0000, 0x000001730f440000, 0x000001730f760000]
 total_blobs=19065 nmethods=18177 adapters=798
 compilation: enabled
              stopped_count=0, restarted_count=0
 full_count=0

Compilation events (20 events):
Event: 6315.226 Thread 0x00000173268485e0 22122       4       com.sun.tools.javac.code.Types$4::visitClassType (10 bytes)
Event: 6315.227 Thread 0x0000017322959830 22123       3       com.sun.tools.javac.comp.Lower::boxArgs (297 bytes)
Event: 6315.231 Thread 0x0000017322959830 nmethod 22123 0x0000017311d11c90 code [0x0000017311d120c0, 0x0000017311d14488]
Event: 6315.231 Thread 0x0000017322959830 22124       3       com.sun.tools.javac.jvm.Gen::checkDimension (8 bytes)
Event: 6315.231 Thread 0x0000017322959830 nmethod 22124 0x0000017311d15010 code [0x0000017311d151a0, 0x0000017311d152e8]
Event: 6315.231 Thread 0x0000017322959830 22125       3       com.sun.tools.javac.jvm.Items$StackItem::drop (26 bytes)
Event: 6315.232 Thread 0x0000017322959830 nmethod 22125 0x0000017311d15390 code [0x0000017311d15560, 0x0000017311d157d8]
Event: 6315.237 Thread 0x0000017322959830 22128       3       com.sun.tools.javac.jvm.Code::negate (30 bytes)
Event: 6315.237 Thread 0x0000017322959830 nmethod 22128 0x0000017311d15910 code [0x0000017311d15ac0, 0x0000017311d15c98]
Event: 6315.237 Thread 0x0000017322959830 22129       3       com.sun.tools.javac.code.Symbol$MethodHandleSymbol::<init> (31 bytes)
Event: 6315.238 Thread 0x0000017322959830 nmethod 22129 0x0000017311d15d10 code [0x0000017311d15ec0, 0x0000017311d160a8]
Event: 6315.238 Thread 0x0000017322959830 22130   !   3       com.sun.tools.javac.jvm.Gen::genCond (606 bytes)
Event: 6315.243 Thread 0x0000017322959830 nmethod 22130 0x0000017311d16190 code [0x0000017311d166c0, 0x0000017311d19428]
Event: 6315.247 Thread 0x0000017322959830 22131       3       com.sun.tools.javac.code.Symbol$ClassSymbol::markAbstractIfNeeded (79 bytes)
Event: 6315.249 Thread 0x0000017322959830 nmethod 22131 0x0000017311d1a690 code [0x0000017311d1a920, 0x0000017311d1b7a8]
Event: 6315.263 Thread 0x00000173268485e0 nmethod 22122 0x0000017317b2b690 code [0x0000017317b2b920, 0x0000017317b2c550]
Event: 6315.264 Thread 0x00000173268485e0 22126       4       com.sun.tools.javac.code.Types$UniqueType::hashCode (12 bytes)
Event: 6315.266 Thread 0x00000173268485e0 nmethod 22126 0x0000017317b2d390 code [0x0000017317b2d520, 0x0000017317b2d618]
Event: 6315.266 Thread 0x00000173268485e0 22127       4       com.sun.tools.javac.code.Types$4::visitClassType (99 bytes)
Event: 6315.283 Thread 0x0000017322959830 22132       3       org.objectweb.asm.ClassReader::accept (1412 bytes)

GC Heap History (20 events):
Event: 118.235 GC heap before
{Heap before GC invocations=15 (full 0):
 garbage-first heap   total 262144K, used 200136K [0x00000000e0000000, 0x0000000100000000)
  region size 1024K, 142 young (145408K), 4 survivors (4096K)
 Metaspace       used 73863K, committed 75008K, reserved 278528K
  class space    used 9780K, committed 10240K, reserved 212992K
}
Event: 118.249 GC heap after
{Heap after GC invocations=16 (full 0):
 garbage-first heap   total 262144K, used 68065K [0x00000000e0000000, 0x0000000100000000)
  region size 1024K, 12 young (12288K), 12 survivors (12288K)
 Metaspace       used 73863K, committed 75008K, reserved 278528K
  class space    used 9780K, committed 10240K, reserved 212992K
}
Event: 143.909 GC heap before
{Heap before GC invocations=16 (full 0):
 garbage-first heap   total 262144K, used 202209K [0x00000000e0000000, 0x0000000100000000)
  region size 1024K, 144 young (147456K), 12 survivors (12288K)
 Metaspace       used 76595K, committed 77760K, reserved 286720K
  class space    used 10045K, committed 10560K, reserved 212992K
}
Event: 143.919 GC heap after
{Heap after GC invocations=17 (full 0):
 garbage-first heap   total 262144K, used 70381K [0x00000000e0000000, 0x0000000100000000)
  region size 1024K, 11 young (11264K), 11 survivors (11264K)
 Metaspace       used 76595K, committed 77760K, reserved 286720K
  class space    used 10045K, committed 10560K, reserved 212992K
}
Event: 2277.902 GC heap before
{Heap before GC invocations=17 (full 0):
 garbage-first heap   total 262144K, used 203501K [0x00000000e0000000, 0x0000000100000000)
  region size 1024K, 142 young (145408K), 11 survivors (11264K)
 Metaspace       used 78587K, committed 79744K, reserved 286720K
  class space    used 10216K, committed 10688K, reserved 212992K
}
Event: 2277.913 GC heap after
{Heap after GC invocations=18 (full 0):
 garbage-first heap   total 262144K, used 70855K [0x00000000e0000000, 0x0000000100000000)
  region size 1024K, 9 young (9216K), 9 survivors (9216K)
 Metaspace       used 78587K, committed 79744K, reserved 286720K
  class space    used 10216K, committed 10688K, reserved 212992K
}
Event: 2280.334 GC heap before
{Heap before GC invocations=18 (full 0):
 garbage-first heap   total 262144K, used 203975K [0x00000000e0000000, 0x0000000100000000)
  region size 1024K, 140 young (143360K), 9 survivors (9216K)
 Metaspace       used 81595K, committed 82880K, reserved 286720K
  class space    used 10530K, committed 11072K, reserved 212992K
}
Event: 2280.340 GC heap after
{Heap after GC invocations=19 (full 0):
 garbage-first heap   total 262144K, used 71308K [0x00000000e0000000, 0x0000000100000000)
  region size 1024K, 10 young (10240K), 10 survivors (10240K)
 Metaspace       used 81595K, committed 82880K, reserved 286720K
  class space    used 10530K, committed 11072K, reserved 212992K
}
Event: 2488.231 GC heap before
{Heap before GC invocations=19 (full 0):
 garbage-first heap   total 262144K, used 205452K [0x00000000e0000000, 0x0000000100000000)
  region size 1024K, 142 young (145408K), 10 survivors (10240K)
 Metaspace       used 83670K, committed 84992K, reserved 294912K
  class space    used 10730K, committed 11264K, reserved 212992K
}
Event: 2488.239 GC heap after
{Heap after GC invocations=20 (full 0):
 garbage-first heap   total 262144K, used 69625K [0x00000000e0000000, 0x0000000100000000)
  region size 1024K, 8 young (8192K), 8 survivors (8192K)
 Metaspace       used 83670K, committed 84992K, reserved 294912K
  class space    used 10730K, committed 11264K, reserved 212992K
}
Event: 3465.105 GC heap before
{Heap before GC invocations=20 (full 0):
 garbage-first heap   total 262144K, used 206841K [0x00000000e0000000, 0x0000000100000000)
  region size 1024K, 143 young (146432K), 8 survivors (8192K)
 Metaspace       used 85528K, committed 86848K, reserved 294912K
  class space    used 10931K, committed 11456K, reserved 212992K
}
Event: 3465.115 GC heap after
{Heap after GC invocations=21 (full 0):
 garbage-first heap   total 262144K, used 73852K [0x00000000e0000000, 0x0000000100000000)
  region size 1024K, 12 young (12288K), 12 survivors (12288K)
 Metaspace       used 85528K, committed 86848K, reserved 294912K
  class space    used 10931K, committed 11456K, reserved 212992K
}
Event: 3603.360 GC heap before
{Heap before GC invocations=21 (full 0):
 garbage-first heap   total 262144K, used 205948K [0x00000000e0000000, 0x0000000100000000)
  region size 1024K, 142 young (145408K), 12 survivors (12288K)
 Metaspace       used 87498K, committed 88832K, reserved 294912K
  class space    used 11138K, committed 11712K, reserved 212992K
}
Event: 3603.370 GC heap after
{Heap after GC invocations=22 (full 0):
 garbage-first heap   total 262144K, used 75129K [0x00000000e0000000, 0x0000000100000000)
  region size 1024K, 7 young (7168K), 7 survivors (7168K)
 Metaspace       used 87498K, committed 88832K, reserved 294912K
  class space    used 11138K, committed 11712K, reserved 212992K
}
Event: 4033.472 GC heap before
{Heap before GC invocations=22 (full 0):
 garbage-first heap   total 262144K, used 207225K [0x00000000e0000000, 0x0000000100000000)
  region size 1024K, 137 young (140288K), 7 survivors (7168K)
 Metaspace       used 90254K, committed 91712K, reserved 294912K
  class space    used 11440K, committed 12032K, reserved 212992K
}
Event: 4033.480 GC heap after
{Heap after GC invocations=23 (full 0):
 garbage-first heap   total 262144K, used 78906K [0x00000000e0000000, 0x0000000100000000)
  region size 1024K, 11 young (11264K), 11 survivors (11264K)
 Metaspace       used 90254K, committed 91712K, reserved 294912K
  class space    used 11440K, committed 12032K, reserved 212992K
}
Event: 6189.933 GC heap before
{Heap before GC invocations=23 (full 0):
 garbage-first heap   total 262144K, used 204858K [0x00000000e0000000, 0x0000000100000000)
  region size 1024K, 135 young (138240K), 11 survivors (11264K)
 Metaspace       used 91209K, committed 92608K, reserved 294912K
  class space    used 11531K, committed 12096K, reserved 212992K
}
Event: 6189.941 GC heap after
{Heap after GC invocations=24 (full 0):
 garbage-first heap   total 262144K, used 75820K [0x00000000e0000000, 0x0000000100000000)
  region size 1024K, 6 young (6144K), 6 survivors (6144K)
 Metaspace       used 91209K, committed 92608K, reserved 294912K
  class space    used 11531K, committed 12096K, reserved 212992K
}
Event: 6306.950 GC heap before
{Heap before GC invocations=24 (full 0):
 garbage-first heap   total 262144K, used 206892K [0x00000000e0000000, 0x0000000100000000)
  region size 1024K, 135 young (138240K), 6 survivors (6144K)
 Metaspace       used 93137K, committed 94592K, reserved 303104K
  class space    used 11748K, committed 12352K, reserved 212992K
}
Event: 6306.980 GC heap after
{Heap after GC invocations=25 (full 0):
 garbage-first heap   total 262144K, used 76019K [0x00000000e0000000, 0x0000000100000000)
  region size 1024K, 6 young (6144K), 6 survivors (6144K)
 Metaspace       used 93137K, committed 94592K, reserved 303104K
  class space    used 11748K, committed 12352K, reserved 212992K
}

Deoptimization events (20 events):
Event: 6306.672 Thread 0x0000017325c113b0 DEOPT PACKING pc=0x0000017317a7ee54 sp=0x0000006c7aefd560
Event: 6306.672 Thread 0x0000017325c113b0 DEOPT UNPACKING pc=0x000001730f215c23 sp=0x0000006c7aefd480 mode 2
Event: 6309.137 Thread 0x0000017325c11d50 DEOPT PACKING pc=0x0000017310c8f455 sp=0x0000006c7bdf5720
Event: 6309.137 Thread 0x0000017325c11d50 DEOPT UNPACKING pc=0x000001730f216763 sp=0x0000006c7bdf4bd0 mode 0
Event: 6313.702 Thread 0x0000017325c11d50 Uncommon trap: trap_request=0xffffff45 fr.pc=0x0000017317ac1134 relative=0x0000000000001a14
Event: 6313.702 Thread 0x0000017325c11d50 Uncommon trap: reason=unstable_if action=reinterpret pc=0x0000017317ac1134 method=lombok.launch.PackageShader.apply([B)Z @ 190 c2
Event: 6313.702 Thread 0x0000017325c11d50 DEOPT PACKING pc=0x0000017317ac1134 sp=0x0000006c7bdf9450
Event: 6313.703 Thread 0x0000017325c11d50 DEOPT UNPACKING pc=0x000001730f215c23 sp=0x0000006c7bdf9400 mode 2
Event: 6313.703 Thread 0x0000017325c11d50 Uncommon trap: trap_request=0xffffff45 fr.pc=0x0000017317abedd0 relative=0x0000000000000910
Event: 6313.703 Thread 0x0000017325c11d50 Uncommon trap: reason=unstable_if action=reinterpret pc=0x0000017317abedd0 method=lombok.launch.PackageShader.apply([B)Z @ 190 c2
Event: 6313.703 Thread 0x0000017325c11d50 DEOPT PACKING pc=0x0000017317abedd0 sp=0x0000006c7bdf9480
Event: 6313.703 Thread 0x0000017325c11d50 DEOPT UNPACKING pc=0x000001730f215c23 sp=0x0000006c7bdf9400 mode 2
Event: 6314.095 Thread 0x0000017325c11d50 Uncommon trap: trap_request=0xffffff45 fr.pc=0x00000173177c1224 relative=0x0000000000000084
Event: 6314.095 Thread 0x0000017325c11d50 Uncommon trap: reason=unstable_if action=reinterpret pc=0x00000173177c1224 method=com.sun.tools.javac.code.Types.checkUnsafeVarargsConversion(Lcom/sun/tools/javac/code/Type;Lcom/sun/tools/javac/code/Type;Lcom/sun/tools/javac/util/Warner;)V @ 15 c2
Event: 6314.095 Thread 0x0000017325c11d50 DEOPT PACKING pc=0x00000173177c1224 sp=0x0000006c7bdf59f0
Event: 6314.096 Thread 0x0000017325c11d50 DEOPT UNPACKING pc=0x000001730f215c23 sp=0x0000006c7bdf5968 mode 2
Event: 6314.640 Thread 0x0000017325c11d50 DEOPT PACKING pc=0x00000173115235b3 sp=0x0000006c7bdf8fc0
Event: 6314.640 Thread 0x0000017325c11d50 DEOPT UNPACKING pc=0x000001730f216763 sp=0x0000006c7bdf8440 mode 0
Event: 6315.227 Thread 0x0000017325c11d50 DEOPT PACKING pc=0x0000017310b58240 sp=0x0000006c7bdf9110
Event: 6315.229 Thread 0x0000017325c11d50 DEOPT UNPACKING pc=0x000001730f216763 sp=0x0000006c7bdf85f8 mode 0

Classes unloaded (0 events):
No events

Classes redefined (0 events):
No events

Internal exceptions (20 events):
Event: 6315.159 Thread 0x0000017325c11d50 Exception <a 'sun/nio/fs/WindowsException'{0x00000000e9657150}> (0x00000000e9657150) 
thrown [t:\workspace\open\src\hotspot\share\prims\jni.cpp, line 516]
Event: 6315.159 Thread 0x0000017325c11d50 Exception <a 'sun/nio/fs/WindowsException'{0x00000000e9657368}> (0x00000000e9657368) 
thrown [t:\workspace\open\src\hotspot\share\prims\jni.cpp, line 516]
Event: 6315.160 Thread 0x0000017325c11d50 Exception <a 'sun/nio/fs/WindowsException'{0x00000000e965ae88}> (0x00000000e965ae88) 
thrown [t:\workspace\open\src\hotspot\share\prims\jni.cpp, line 516]
Event: 6315.160 Thread 0x0000017325c11d50 Exception <a 'sun/nio/fs/WindowsException'{0x00000000e965b098}> (0x00000000e965b098) 
thrown [t:\workspace\open\src\hotspot\share\prims\jni.cpp, line 516]
Event: 6315.161 Thread 0x0000017325c11d50 Exception <a 'sun/nio/fs/WindowsException'{0x00000000e965ebf8}> (0x00000000e965ebf8) 
thrown [t:\workspace\open\src\hotspot\share\prims\jni.cpp, line 516]
Event: 6315.161 Thread 0x0000017325c11d50 Exception <a 'sun/nio/fs/WindowsException'{0x00000000e965edf8}> (0x00000000e965edf8) 
thrown [t:\workspace\open\src\hotspot\share\prims\jni.cpp, line 516]
Event: 6315.161 Thread 0x0000017325c11d50 Exception <a 'sun/nio/fs/WindowsException'{0x00000000e96626a0}> (0x00000000e96626a0) 
thrown [t:\workspace\open\src\hotspot\share\prims\jni.cpp, line 516]
Event: 6315.161 Thread 0x0000017325c11d50 Exception <a 'sun/nio/fs/WindowsException'{0x00000000e96628b0}> (0x00000000e96628b0) 
thrown [t:\workspace\open\src\hotspot\share\prims\jni.cpp, line 516]
Event: 6315.162 Thread 0x0000017325c11d50 Exception <a 'sun/nio/fs/WindowsException'{0x00000000e9666430}> (0x00000000e9666430) 
thrown [t:\workspace\open\src\hotspot\share\prims\jni.cpp, line 516]
Event: 6315.162 Thread 0x0000017325c11d50 Exception <a 'sun/nio/fs/WindowsException'{0x00000000e9666630}> (0x00000000e9666630) 
thrown [t:\workspace\open\src\hotspot\share\prims\jni.cpp, line 516]
Event: 6315.162 Thread 0x0000017325c11d50 Exception <a 'sun/nio/fs/WindowsException'{0x00000000e9670dc8}> (0x00000000e9670dc8) 
thrown [t:\workspace\open\src\hotspot\share\prims\jni.cpp, line 516]
Event: 6315.162 Thread 0x0000017325c11d50 Exception <a 'sun/nio/fs/WindowsException'{0x00000000e9670fe0}> (0x00000000e9670fe0) 
thrown [t:\workspace\open\src\hotspot\share\prims\jni.cpp, line 516]
Event: 6315.238 Thread 0x0000017325c11d50 Exception <a 'sun/nio/fs/WindowsException'{0x00000000e9136a10}> (0x00000000e9136a10) 
thrown [t:\workspace\open\src\hotspot\share\prims\jni.cpp, line 516]
Event: 6315.239 Thread 0x0000017325c11d50 Exception <a 'sun/nio/fs/WindowsException'{0x00000000e9137c28}> (0x00000000e9137c28) 
thrown [t:\workspace\open\src\hotspot\share\prims\jni.cpp, line 516]
Event: 6315.240 Thread 0x0000017325c11d50 Exception <a 'sun/nio/fs/WindowsException'{0x00000000e9138c88}> (0x00000000e9138c88) 
thrown [t:\workspace\open\src\hotspot\share\prims\jni.cpp, line 516]
Event: 6315.240 Thread 0x0000017325c11d50 Exception <a 'sun/nio/fs/WindowsException'{0x00000000e913a0f8}> (0x00000000e913a0f8) 
thrown [t:\workspace\open\src\hotspot\share\prims\jni.cpp, line 516]
Event: 6315.240 Thread 0x0000017325c11d50 Exception <a 'sun/nio/fs/WindowsException'{0x00000000e913a2f0}> (0x00000000e913a2f0) 
thrown [t:\workspace\open\src\hotspot\share\prims\jni.cpp, line 516]
Event: 6315.240 Thread 0x0000017325c11d50 Exception <a 'sun/nio/fs/WindowsException'{0x00000000e913c508}> (0x00000000e913c508) 
thrown [t:\workspace\open\src\hotspot\share\prims\jni.cpp, line 516]
Event: 6315.240 Thread 0x0000017325c11d50 Exception <a 'sun/nio/fs/WindowsException'{0x00000000e913c6e8}> (0x00000000e913c6e8) 
thrown [t:\workspace\open\src\hotspot\share\prims\jni.cpp, line 516]
Event: 6315.241 Thread 0x0000017325c11d50 Exception <a 'sun/nio/fs/WindowsException'{0x00000000e913e8f0}> (0x00000000e913e8f0) 
thrown [t:\workspace\open\src\hotspot\share\prims\jni.cpp, line 516]

VM Operations (20 events):
Event: 6228.811 Executing VM operation: Cleanup
Event: 6228.811 Executing VM operation: Cleanup done
Event: 6306.428 Executing VM operation: Cleanup
Event: 6306.428 Executing VM operation: Cleanup done
Event: 6306.950 Executing VM operation: G1CollectForAllocation
Event: 6306.982 Executing VM operation: G1CollectForAllocation done
Event: 6307.989 Executing VM operation: Cleanup
Event: 6307.990 Executing VM operation: Cleanup done
Event: 6308.999 Executing VM operation: Cleanup
Event: 6309.000 Executing VM operation: Cleanup done
Event: 6310.006 Executing VM operation: Cleanup
Event: 6310.023 Executing VM operation: Cleanup done
Event: 6312.037 Executing VM operation: Cleanup
Event: 6312.037 Executing VM operation: Cleanup done
Event: 6313.039 Executing VM operation: Cleanup
Event: 6313.039 Executing VM operation: Cleanup done
Event: 6314.043 Executing VM operation: Cleanup
Event: 6314.046 Executing VM operation: Cleanup done
Event: 6315.051 Executing VM operation: Cleanup
Event: 6315.051 Executing VM operation: Cleanup done

Events (20 events):
Event: 6307.033 Thread 0x000001732644ca70 Thread added: 0x000001732644ca70
Event: 6307.037 Thread 0x0000017328b21f90 Thread exited: 0x0000017328b21f90
Event: 6307.839 Thread 0x000001732644a3f0 Thread added: 0x000001732644a3f0
Event: 6307.877 Thread 0x000001732644ddb0 Thread added: 0x000001732644ddb0
Event: 6307.878 Thread 0x000001732644b730 Thread added: 0x000001732644b730
Event: 6307.879 Thread 0x000001732644d410 Thread added: 0x000001732644d410
Event: 6307.879 Thread 0x000001732644d8e0 Thread added: 0x000001732644d8e0
Event: 6307.879 Thread 0x0000017329d3f150 Thread added: 0x0000017329d3f150
Event: 6307.879 Thread 0x0000017329d42b10 Thread added: 0x0000017329d42b10
Event: 6307.880 Thread 0x0000017329d434b0 Thread added: 0x0000017329d434b0
Event: 6307.880 Thread 0x0000017329d41ca0 Thread added: 0x0000017329d41ca0
Event: 6307.891 Thread 0x0000017328b21570 Thread added: 0x0000017328b21570
Event: 6308.568 loading class jdk/internal/module/IllegalAccessLogger
Event: 6308.568 loading class jdk/internal/module/IllegalAccessLogger done
Event: 6310.436 Thread 0x0000017328b21570 Thread exited: 0x0000017328b21570
Event: 6313.328 Thread 0x00000173268485e0 Thread added: 0x00000173268485e0
Event: 6314.383 Thread 0x0000017329d3c600 Thread added: 0x0000017329d3c600
Event: 6314.384 Thread 0x0000017329d3cad0 Thread added: 0x0000017329d3cad0
Event: 6314.384 Thread 0x0000017329d42170 Thread added: 0x0000017329d42170
Event: 6314.384 Thread 0x0000017329d3d940 Thread added: 0x0000017329d3d940


Dynamic libraries:
0x00007ff715230000 - 0x00007ff71523e000 	C:\Program Files\Java\jdk-17.0.1\bin\java.exe
0x00007ffa42f70000 - 0x00007ffa43168000 	C:\WINDOWS\SYSTEM32\ntdll.dll
0x00007ffa00d60000 - 0x00007ffa00d7a000 	C:\Program Files\Avast Software\Avast\aswhook.dll
0x00007ffa41df0000 - 0x00007ffa41ead000 	C:\WINDOWS\System32\KERNEL32.DLL
0x00007ffa40b70000 - 0x00007ffa40e66000 	C:\WINDOWS\System32\KERNELBASE.dll
0x00007ffa40980000 - 0x00007ffa40a80000 	C:\WINDOWS\System32\ucrtbase.dll
0x00007ffa3d0a0000 - 0x00007ffa3d0b8000 	C:\Program Files\Java\jdk-17.0.1\bin\jli.dll
0x00007ffa2d020000 - 0x00007ffa2d03a000 	C:\Program Files\Java\jdk-17.0.1\bin\VCRUNTIME140.dll
0x00007ffa41980000 - 0x00007ffa41b1f000 	C:\WINDOWS\System32\USER32.dll
0x00007ffa40ee0000 - 0x00007ffa40f02000 	C:\WINDOWS\System32\win32u.dll
0x00007ffa2e2f0000 - 0x00007ffa2e58a000 	C:\WINDOWS\WinSxS\amd64_microsoft.windows.common-controls_6595b64144ccf1df_6.0.19041.3636_none_60b6a03d71f818d5\COMCTL32.dll
0x00007ffa42dc0000 - 0x00007ffa42deb000 	C:\WINDOWS\System32\GDI32.dll
0x00007ffa42320000 - 0x00007ffa423be000 	C:\WINDOWS\System32\msvcrt.dll
0x00007ffa40860000 - 0x00007ffa40977000 	C:\WINDOWS\System32\gdi32full.dll
0x00007ffa40a80000 - 0x00007ffa40b1d000 	C:\WINDOWS\System32\msvcp_win.dll
0x00007ffa423c0000 - 0x00007ffa423f2000 	C:\WINDOWS\System32\IMM32.DLL
0x00007ffa34200000 - 0x00007ffa3420c000 	C:\Program Files\Java\jdk-17.0.1\bin\vcruntime140_1.dll
0x00007ffa0a410000 - 0x00007ffa0a49d000 	C:\Program Files\Java\jdk-17.0.1\bin\msvcp140.dll
0x00007ff9a2610000 - 0x00007ff9a31ce000 	C:\Program Files\Java\jdk-17.0.1\bin\server\jvm.dll
0x00007ffa421d0000 - 0x00007ffa42280000 	C:\WINDOWS\System32\ADVAPI32.dll
0x00007ffa42280000 - 0x00007ffa42320000 	C:\WINDOWS\System32\sechost.dll
0x00007ffa42410000 - 0x00007ffa42533000 	C:\WINDOWS\System32\RPCRT4.dll
0x00007ffa40620000 - 0x00007ffa40647000 	C:\WINDOWS\System32\bcrypt.dll
0x00007ffa41bd0000 - 0x00007ffa41bd8000 	C:\WINDOWS\System32\PSAPI.DLL
0x00007ffa2dd50000 - 0x00007ffa2dd59000 	C:\WINDOWS\SYSTEM32\WSOCK32.dll
0x00007ffa35bd0000 - 0x00007ffa35bda000 	C:\WINDOWS\SYSTEM32\VERSION.dll
0x00007ffa18970000 - 0x00007ffa18997000 	C:\WINDOWS\SYSTEM32\WINMM.dll
0x00007ffa420a0000 - 0x00007ffa4210b000 	C:\WINDOWS\System32\WS2_32.dll
0x00007ffa3ee40000 - 0x00007ffa3ee52000 	C:\WINDOWS\SYSTEM32\kernel.appcore.dll
0x00007ffa2ddd0000 - 0x00007ffa2ddda000 	C:\Program Files\Java\jdk-17.0.1\bin\jimage.dll
0x00007ffa3e3b0000 - 0x00007ffa3e594000 	C:\WINDOWS\SYSTEM32\DBGHELP.DLL
0x00007ffa2ecd0000 - 0x00007ffa2ed04000 	C:\WINDOWS\SYSTEM32\dbgcore.DLL
0x00007ffa40f10000 - 0x00007ffa40f92000 	C:\WINDOWS\System32\bcryptPrimitives.dll
0x00007ffa2cff0000 - 0x00007ffa2d015000 	C:\Program Files\Java\jdk-17.0.1\bin\java.dll
0x00007ff9fb1b0000 - 0x00007ff9fb286000 	C:\Program Files\Java\jdk-17.0.1\bin\svml.dll
0x00007ffa42540000 - 0x00007ffa42cab000 	C:\WINDOWS\System32\SHELL32.dll
0x00007ffa3e690000 - 0x00007ffa3ee2e000 	C:\WINDOWS\SYSTEM32\windows.storage.dll
0x00007ffa41430000 - 0x00007ffa41783000 	C:\WINDOWS\System32\combase.dll
0x00007ffa3ffe0000 - 0x00007ffa4000e000 	C:\WINDOWS\SYSTEM32\Wldp.dll
0x00007ffa41fd0000 - 0x00007ffa4209d000 	C:\WINDOWS\System32\OLEAUT32.dll
0x00007ffa41790000 - 0x00007ffa4183d000 	C:\WINDOWS\System32\SHCORE.dll
0x00007ffa41840000 - 0x00007ffa41895000 	C:\WINDOWS\System32\shlwapi.dll
0x00007ffa40550000 - 0x00007ffa40573000 	C:\WINDOWS\SYSTEM32\profapi.dll
0x00007ffa2cfd0000 - 0x00007ffa2cfe9000 	C:\Program Files\Java\jdk-17.0.1\bin\net.dll
0x00007ffa378c0000 - 0x00007ffa379ca000 	C:\WINDOWS\SYSTEM32\WINHTTP.dll
0x00007ffa3fd40000 - 0x00007ffa3fdaa000 	C:\WINDOWS\system32\mswsock.dll
0x00007ffa24c80000 - 0x00007ffa24c95000 	C:\Program Files\Java\jdk-17.0.1\bin\nio.dll
0x00007ffa1ec40000 - 0x00007ffa1ec58000 	C:\Program Files\Java\jdk-17.0.1\bin\zip.dll
0x00007ffa1ee00000 - 0x00007ffa1ee10000 	C:\Program Files\Java\jdk-17.0.1\bin\verify.dll
0x00007ffa2deb0000 - 0x00007ffa2ded7000 	C:\Users\atomf\.gradle\native\e1d6ef7f7dcc3fd88c89a11ec53ec762bb8ba0a96d01ffa2cd45eb1d1d8dd5c5\windows-amd64\native-platform.dll
0x00007ff9ebb10000 - 0x00007ff9ebc54000 	C:\Users\atomf\.gradle\native\0d407fdbe67a94daf76414ababcb853783967236a71b16ec16e742cd7a986fd3\windows-amd64\native-platform-file-events.dll
0x00007ffa1eb80000 - 0x00007ffa1eb89000 	C:\Program Files\Java\jdk-17.0.1\bin\management.dll
0x00007ffa1eb60000 - 0x00007ffa1eb6b000 	C:\Program Files\Java\jdk-17.0.1\bin\management_ext.dll
0x00007ffa3ff40000 - 0x00007ffa3ff58000 	C:\WINDOWS\SYSTEM32\CRYPTSP.dll
0x00007ffa3f660000 - 0x00007ffa3f694000 	C:\WINDOWS\system32\rsaenh.dll
0x00007ffa404d0000 - 0x00007ffa404fe000 	C:\WINDOWS\SYSTEM32\USERENV.dll
0x00007ffa3ff30000 - 0x00007ffa3ff3c000 	C:\WINDOWS\SYSTEM32\CRYPTBASE.dll
0x00007ffa3fa20000 - 0x00007ffa3fa5b000 	C:\WINDOWS\SYSTEM32\IPHLPAPI.DLL
0x00007ffa42400000 - 0x00007ffa42408000 	C:\WINDOWS\System32\NSI.dll
0x00007ffa35bb0000 - 0x00007ffa35bc7000 	C:\WINDOWS\SYSTEM32\dhcpcsvc6.DLL
0x00007ffa35b10000 - 0x00007ffa35b2d000 	C:\WINDOWS\SYSTEM32\dhcpcsvc.DLL
0x00007ffa3fa60000 - 0x00007ffa3fb2b000 	C:\WINDOWS\SYSTEM32\DNSAPI.dll
0x00007ffa16d60000 - 0x00007ffa16d6e000 	C:\Program Files\Java\jdk-17.0.1\bin\sunmscapi.dll
0x00007ffa40700000 - 0x00007ffa4085e000 	C:\WINDOWS\System32\CRYPT32.dll
0x00007ffa40050000 - 0x00007ffa40078000 	C:\WINDOWS\SYSTEM32\ncrypt.dll
0x00007ffa40010000 - 0x00007ffa4004b000 	C:\WINDOWS\SYSTEM32\NTASN1.dll
0x00007ffa2dea0000 - 0x00007ffa2dea7000 	C:\WINDOWS\system32\wshunix.dll

dbghelp: loaded successfully - version: 4.0.5 - missing functions: none
symbol engine: initialized successfully - sym options: 0x614 - pdb path: .;C:\Program Files\Java\jdk-17.0.1\bin;C:\WINDOWS\SYSTEM32;C:\Program Files\Avast Software\Avast;C:\WINDOWS\WinSxS\amd64_microsoft.windows.common-controls_6595b64144ccf1df_6.0.19041.3636_none_60b6a03d71f818d5;C:\Program Files\Java\jdk-17.0.1\bin\server;C:\Users\atomf\.gradle\native\e1d6ef7f7dcc3fd88c89a11ec53ec762bb8ba0a96d01ffa2cd45eb1d1d8dd5c5\windows-amd64;C:\Users\atomf\.gradle\native\0d407fdbe67a94daf76414ababcb853783967236a71b16ec16e742cd7a986fd3\windows-amd64

VM Arguments:
jvm_args: --add-opens=java.base/java.util=ALL-UNNAMED --add-opens=java.base/java.lang=ALL-UNNAMED --add-opens=java.base/java.lang.invoke=ALL-UNNAMED --add-opens=java.base/java.util=ALL-UNNAMED --add-opens=java.prefs/java.util.prefs=ALL-UNNAMED --add-opens=java.prefs/java.util.prefs=ALL-UNNAMED --add-opens=java.base/java.nio.charset=ALL-UNNAMED --add-opens=java.base/java.net=ALL-UNNAMED --add-opens=java.base/java.util.concurrent.atomic=ALL-UNNAMED -XX:MaxMetaspaceSize=256m -XX:+HeapDumpOnOutOfMemoryError -Xms256m -Xmx512m -Dfile.encoding=windows-1252 -Duser.country=US -Duser.language=en -Duser.variant 
java_command: org.gradle.launcher.daemon.bootstrap.GradleDaemon 7.4
java_class_path (initial): C:\Users\atomf\.gradle\wrapper\dists\gradle-7.4-bin\c0gwcg53nkjbqw7r0h0umtfvt\gradle-7.4\lib\gradle-launcher-7.4.jar
Launcher Type: SUN_STANDARD

[Global flags]
     intx CICompilerCount                          = 4                                         {product} {ergonomic}
   size_t CompressedClassSpaceSize                 = 218103808                                 {product} {ergonomic}
     uint ConcGCThreads                            = 2                                         {product} {ergonomic}
     uint G1ConcRefinementThreads                  = 8                                         {product} {ergonomic}
   size_t G1HeapRegionSize                         = 1048576                                   {product} {ergonomic}
    uintx GCDrainStackTargetSize                   = 64                                        {product} {ergonomic}
     bool HeapDumpOnOutOfMemoryError               = true                                   {manageable} {command line}
   size_t InitialHeapSize                          = 268435456                                 {product} {command line}
   size_t MarkStackSize                            = 4194304                                   {product} {ergonomic}
   size_t MaxHeapSize                              = 536870912                                 {product} {command line}
   size_t MaxMetaspaceSize                         = 268435456                                 {product} {command line}
   size_t MaxNewSize                               = 321912832                                 {product} {ergonomic}
   size_t MinHeapDeltaBytes                        = 1048576                                   {product} {ergonomic}
   size_t MinHeapSize                              = 268435456                                 {product} {command line}
    uintx NonNMethodCodeHeapSize                   = 5839372                                {pd product} {ergonomic}
    uintx NonProfiledCodeHeapSize                  = 122909434                              {pd product} {ergonomic}
    uintx ProfiledCodeHeapSize                     = 122909434                              {pd product} {ergonomic}
    uintx ReservedCodeCacheSize                    = 251658240                              {pd product} {ergonomic}
     bool SegmentedCodeCache                       = true                                      {product} {ergonomic}
   size_t SoftMaxHeapSize                          = 536870912                              {manageable} {ergonomic}
     bool UseCompressedClassPointers               = true                           {product lp64_product} {ergonomic}
     bool UseCompressedOops                        = true                           {product lp64_product} {ergonomic}
     bool UseG1GC                                  = true                                      {product} {ergonomic}
     bool UseLargePagesIndividualAllocation        = false                                  {pd product} {ergonomic}

Logging:
Log output configuration:
 #0: stdout all=warning uptime,level,tags
 #1: stderr all=off uptime,level,tags

Environment Variables:
JAVA_HOME=C:\Program Files\JAva\jdk-17.0.1
PATH=C:\WINDOWS\system32;C:\WINDOWS\System32\Wbem;C:\WINDOWS;C:\WINDOWS\System32\WindowsPowerShell\v1.0\;C:\WINDOWS\System32\OpenSSH\;%SystemRoot%\system32;%SystemRoot%\System32\Wbem;%SystemRoot%;%SystemRoot%\System32\WindowsPowerShell\v1.0\;%SystemRoot%\System32\OpenSSH\;C:\Users\atomf\AppData\Local\Programs\Python\Python311;C:\Users\atomf\AppData\Local\Programs\Python\Python311\Scripts;C:\Program Files\Java\jdk-17.0.1\\bin;C:\Program Files\Java\jdk-17.0.1\\lib;C:\Program Files (x86)\Windows Kits\10\Windows Performance Toolkit\;C:\ProgramData\chocolatey\bin;C:\Program Files (x86)\Microsoft Visual Studio\2019\Community\VC\Tools\MSVC\14.29.30133\bin\Hostx64\x64;C:\Gradle\gradle-6.9.1\bin;C:\Program Files\Maven\bin;C:\Program Files\CMake\bin;C:\Program Files\nodejs\;C:\Program Files\Git\cmd;C:\Dev\php;C:\Dev\exe\openssl-3\x64\bin;C:\Program Files\qemu;C:\Program Files\PuTTY\;C:\Program Files (x86)\Gpg4win\..\GnuPG\bin;C:\Program Files (x86)\Heavyocity\Heavyocity Portal;C:\Program Files\Git\usr\bin;C:\Program Files\Go\bin;C:\Program Files\Cloudflare\Cloudflare WARP\;C:\Users\atomf\.cargo\bin;C:\Users\atomf\AppData\Local\Microsoft\WindowsApps;C:\Users\atomf\AppData\Local\Programs\Microsoft VS Code\bin;C:\Program Files (x86)\GnuWin32\bin;C:\Program Files\JetBrains\JetBrains Rider 2021.2.1\bin;C:\Users\atomf\AppData\Roaming\npm;C:\Program Files\JetBrains\CLion 2022.1.2\bin;C:\Program Files\JetBrains\PyCharm Community Edition 2022.2.3\bin;C:\Program Files\JetBrains\IntelliJ IDEA 2022.3.1\bin;C:\Users\atomf\go\bin
USERNAME=atomf
OS=Windows_NT
PROCESSOR_IDENTIFIER=Intel64 Family 6 Model 126 Stepping 5, GenuineIntel



---------------  S Y S T E M  ---------------

OS:
 Windows 10 , 64 bit Build 19041 (10.0.19041.3636)
OS uptime: 0 days 5:44 hours

CPU: total 8 (initial active 8) (4 cores per cpu, 2 threads per core) family 6 model 126 stepping 5 microcode 0x78, cx8, cmov, fxsr, ht, mmx, 3dnowpref, sse, sse2, sse3, ssse3, sse4.1, sse4.2, popcnt, lzcnt, tsc, tscinvbit, avx, avx2, aes, erms, clmul, bmi1, bmi2, adx, avx512f, avx512dq, avx512cd, avx512bw, avx512vl, sha, fma, vzeroupper, avx512_vpopcntdq, avx512_vpclmulqdq, avx512_vaes, avx512_vnni, clflush, clflushopt, avx512_vbmi2, avx512_vbmi

Memory: 4k page, system-wide physical 7948M (388M free)
TotalPageFile size 11948M (AvailPageFile size 4M)
current process WorkingSet (physical memory assigned to process): 376M, peak: 533M
current process commit charge ("private bytes"): 603M, peak: 625M

vm_info: OpenJDK 64-Bit Server VM (17.0.1+12-39) for windows-amd64 JRE (17.0.1+12-39), built on Sep 27 2021 18:39:29 by "mach5one" with MS VC++ 16.8 (VS2019)

END.
