#
# There is insufficient memory for the Java Runtime Environment to continue.
# Native memory allocation (malloc) failed to allocate 1877296 bytes for Chunk::new
# Possible reasons:
#   The system is out of physical RAM or swap space
#   The process is running with CompressedOops enabled, and the Java Heap may be blocking the growth of the native heap
# Possible solutions:
#   Reduce memory load on the system
#   Increase physical memory or swap space
#   Check if swap backing store is full
#   Decrease Java heap size (-Xmx/-Xms)
#   Decrease number of Java threads
#   Decrease Java thread stack sizes (-Xss)
#   Set larger code cache with -XX:ReservedCodeCacheSize=
#   JVM is running with Unscaled Compressed Oops mode in which the Java heap is
#     placed in the first 4GB address space. The Java Heap base address is the
#     maximum limit for the native heap growth. Please use -XX:HeapBaseMinAddress
#     to set the Java Heap base and to place the Java Heap above 4GB virtual address.
# This output file may be truncated or incomplete.
#
#  Out of Memory Error (arena.cpp:189), pid=1504, tid=11048
#
# JRE version: OpenJDK Runtime Environment (17.0.1+12) (build 17.0.1+12-39)
# Java VM: OpenJDK 64-Bit Server VM (17.0.1+12-39, mixed mode, sharing, tiered, compressed oops, compressed class ptrs, g1 gc, windows-amd64)
# No core dump will be written. Minidumps are not enabled by default on client versions of Windows
#

---------------  S U M M A R Y ------------

Command Line: -Dorg.gradle.internal.worker.tmpdir=C:\Users\atomf\Desktop\code\java\minem\minem-impl-bot-hypixel\build\tmp\test\work -Dorg.gradle.native=false --add-opens=java.base/java.util=ALL-UNNAMED --add-opens=java.base/java.lang=ALL-UNNAMED -Xmx512m -Dfile.encoding=windows-1252 -Duser.country=US -Duser.language=en -Duser.variant -ea worker.org.gradle.process.internal.worker.GradleWorkerMain 'Gradle Test Executor 13'

Host: Intel(R) Core(TM) i7-1065G7 CPU @ 1.30GHz, 8 cores, 7G,  Windows 10 , 64 bit Build 19041 (10.0.19041.3636)
Time: Fri Jul 26 01:06:17 2024 W. Europe Daylight Time elapsed time: 2.372738 seconds (0d 0h 0m 2s)

---------------  T H R E A D  ---------------

Current thread (0x0000025272aa73b0):  JavaThread "C2 CompilerThread1" daemon [_thread_in_native, id=11048, stack(0x000000d47cf00000,0x000000d47d000000)]


Current CompileTask:
C2:   2372 1855       4       java.lang.invoke.MethodType::makeImpl (109 bytes)

Stack: [0x000000d47cf00000,0x000000d47d000000]
Native frames: (J=compiled Java code, j=interpreted, Vv=VM code, C=native code)
V  [jvm.dll+0x66fa1a]
V  [jvm.dll+0x7ce5a4]
V  [jvm.dll+0x7cfd4e]
V  [jvm.dll+0x7d03b3]
V  [jvm.dll+0x242b05]
V  [jvm.dll+0xaa05b]
V  [jvm.dll+0xaa5ec]
V  [jvm.dll+0x35f9b2]
V  [jvm.dll+0x329f51]
V  [jvm.dll+0x3293fa]
V  [jvm.dll+0x215bf1]
V  [jvm.dll+0x215011]
V  [jvm.dll+0x1a168d]
V  [jvm.dll+0x224848]
V  [jvm.dll+0x2229ac]
V  [jvm.dll+0x78435b]
V  [jvm.dll+0x77e91a]
V  [jvm.dll+0x66e845]
C  [ucrtbase.dll+0x21bb2]
C  [KERNEL32.DLL+0x17344]
C  [ntdll.dll+0x526b1]


---------------  P R O C E S S  ---------------

Threads class SMR info:
_java_thread_list=0x00000252737907d0, length=21, elements={
0x00000252570599d0, 0x000002527185c660, 0x000002527185d210, 0x00000252718757f0,
0x00000252718762b0, 0x0000025271878e70, 0x000002527187bc40, 0x000002527187cbe0,
0x000002527187d680, 0x00000252718868a0, 0x00000252724d2010, 0x00000252724d8750,
0x00000252729e2700, 0x0000025272a9d2b0, 0x0000025272a9d780, 0x0000025272aa73b0,
0x0000025273acf020, 0x0000025272d482f0, 0x00000252737e6b20, 0x00000252737b44f0,
0x00000252739e19d0
}

Java Threads: ( => current thread )
  0x00000252570599d0 JavaThread "Test worker" [_thread_blocked, id=11588, stack(0x000000d47b800000,0x000000d47b900000)]
  0x000002527185c660 JavaThread "Reference Handler" daemon [_thread_blocked, id=1960, stack(0x000000d47bf00000,0x000000d47c000000)]
  0x000002527185d210 JavaThread "Finalizer" daemon [_thread_blocked, id=5224, stack(0x000000d47c000000,0x000000d47c100000)]
  0x00000252718757f0 JavaThread "Signal Dispatcher" daemon [_thread_blocked, id=1072, stack(0x000000d47c100000,0x000000d47c200000)]
  0x00000252718762b0 JavaThread "Attach Listener" daemon [_thread_blocked, id=13212, stack(0x000000d47c200000,0x000000d47c300000)]
  0x0000025271878e70 JavaThread "Service Thread" daemon [_thread_blocked, id=7200, stack(0x000000d47c300000,0x000000d47c400000)]
  0x000002527187bc40 JavaThread "Monitor Deflation Thread" daemon [_thread_blocked, id=10804, stack(0x000000d47c400000,0x000000d47c500000)]
  0x000002527187cbe0 JavaThread "C2 CompilerThread0" daemon [_thread_blocked, id=10068, stack(0x000000d47c500000,0x000000d47c600000)]
  0x000002527187d680 JavaThread "C1 CompilerThread0" daemon [_thread_blocked, id=420, stack(0x000000d47c600000,0x000000d47c700000)]
  0x00000252718868a0 JavaThread "Sweeper thread" daemon [_thread_blocked, id=11344, stack(0x000000d47c700000,0x000000d47c800000)]
  0x00000252724d2010 JavaThread "Common-Cleaner" daemon [_thread_blocked, id=14132, stack(0x000000d47c800000,0x000000d47c900000)]
  0x00000252724d8750 JavaThread "Notification Thread" daemon [_thread_blocked, id=8684, stack(0x000000d47c900000,0x000000d47ca00000)]
  0x00000252729e2700 JavaThread "/127.0.0.1:61744 to /127.0.0.1:61742 workers" [_thread_blocked, id=2548, stack(0x000000d47cc00000,0x000000d47cd00000)]
  0x0000025272a9d2b0 JavaThread "/127.0.0.1:61744 to /127.0.0.1:61742 workers Thread 2" [_thread_blocked, id=13012, stack(0x000000d47cd00000,0x000000d47ce00000)]
  0x0000025272a9d780 JavaThread "/127.0.0.1:61744 to /127.0.0.1:61742 workers Thread 3" [_thread_in_native, id=6416, stack(0x000000d47ce00000,0x000000d47cf00000)]
=>0x0000025272aa73b0 JavaThread "C2 CompilerThread1" daemon [_thread_in_native, id=11048, stack(0x000000d47cf00000,0x000000d47d000000)]
  0x0000025273acf020 JavaThread "HttpClient-1-SelectorManager" daemon [_thread_in_native, id=7056, stack(0x000000d47d800000,0x000000d47d900000)]
  0x0000025272d482f0 JavaThread "pool-1-thread-1" [_thread_blocked, id=8768, stack(0x000000d47d900000,0x000000d47da00000)]
  0x00000252737e6b20 JavaThread "HttpClient-1-Worker-0" daemon [_thread_blocked, id=14812, stack(0x000000d47da00000,0x000000d47db00000)]
  0x00000252737b44f0 JavaThread "HttpClient-1-Worker-1" daemon [_thread_blocked, id=11388, stack(0x000000d47db00000,0x000000d47dc00000)]
  0x00000252739e19d0 JavaThread "C2 CompilerThread2" daemon [_thread_blocked, id=3140, stack(0x000000d47dc00000,0x000000d47dd00000)]

Other Threads:
  0x00000252718552f0 VMThread "VM Thread" [stack: 0x000000d47be00000,0x000000d47bf00000] [id=11772]
  0x000002525708eee0 WatcherThread [stack: 0x000000d47ca00000,0x000000d47cb00000] [id=628]
  0x0000025257080940 GCTaskThread "GC Thread#0" [stack: 0x000000d47b900000,0x000000d47ba00000] [id=4920]
  0x0000025272b74730 GCTaskThread "GC Thread#1" [stack: 0x000000d47d000000,0x000000d47d100000] [id=15108]
  0x0000025272954e30 GCTaskThread "GC Thread#2" [stack: 0x000000d47d100000,0x000000d47d200000] [id=15868]
  0x00000252738e46d0 GCTaskThread "GC Thread#3" [stack: 0x000000d47d200000,0x000000d47d300000] [id=2204]
  0x00000252738e4980 GCTaskThread "GC Thread#4" [stack: 0x000000d47d300000,0x000000d47d400000] [id=4676]
  0x0000025273c3e010 GCTaskThread "GC Thread#5" [stack: 0x000000d47d400000,0x000000d47d500000] [id=11088]
  0x0000025273c3e2c0 GCTaskThread "GC Thread#6" [stack: 0x000000d47d500000,0x000000d47d600000] [id=8352]
  0x0000025273511440 GCTaskThread "GC Thread#7" [stack: 0x000000d47d600000,0x000000d47d700000] [id=12068]
  0x0000025257085880 ConcurrentGCThread "G1 Main Marker" [stack: 0x000000d47ba00000,0x000000d47bb00000] [id=14028]
  0x0000025257086360 ConcurrentGCThread "G1 Conc#0" [stack: 0x000000d47bb00000,0x000000d47bc00000] [id=15952]
  0x00000252571186e0 ConcurrentGCThread "G1 Refine#0" [stack: 0x000000d47bc00000,0x000000d47bd00000] [id=8516]
  0x0000025272b97a30 ConcurrentGCThread "G1 Refine#1" [stack: 0x000000d47d700000,0x000000d47d800000] [id=14000]
  0x0000025257119100 ConcurrentGCThread "G1 Service" [stack: 0x000000d47bd00000,0x000000d47be00000] [id=11976]

Threads with active compile tasks:
C2 CompilerThread1     2446 1855       4       java.lang.invoke.MethodType::makeImpl (109 bytes)

VM state: not at safepoint (normal execution)

VM Mutex/Monitor currently owned by a thread: None

Heap address: 0x00000000e0000000, size: 512 MB, Compressed Oops mode: 32-bit

CDS archive(s) mapped at: [0x0000000800000000-0x0000000800bc0000-0x0000000800bc0000), size 12320768, SharedBaseAddress: 0x0000000800000000, ArchiveRelocationMode: 0.
Compressed class space mapped at: 0x0000000800c00000-0x0000000840c00000, reserved size: 1073741824
Narrow klass base: 0x0000000800000000, Narrow klass shift: 0, Narrow klass range: 0x100000000

GC Precious Log:
 CPUs: 8 total, 8 available
 Memory: 7948M
 Large Page Support: Disabled
 NUMA Support: Disabled
 Compressed Oops: Enabled (32-bit)
 Heap Region Size: 1M
 Heap Min Capacity: 8M
 Heap Initial Capacity: 126M
 Heap Max Capacity: 512M
 Pre-touch: Disabled
 Parallel Workers: 8
 Concurrent Workers: 2
 Concurrent Refinement Workers: 8
 Periodic GC: Disabled

Heap:
 garbage-first heap   total 129024K, used 20941K [0x00000000e0000000, 0x0000000100000000)
  region size 1024K, 21 young (21504K), 3 survivors (3072K)
 Metaspace       used 15221K, committed 15552K, reserved 1064960K
  class space    used 1960K, committed 2112K, reserved 1048576K

Heap Regions: E=young(eden), S=young(survivor), O=old, HS=humongous(starts), HC=humongous(continues), CS=collection set, F=free, OA=open archive, CA=closed archive, TAMS=top-at-mark-start (previous, next)
|   0|0x00000000e0000000, 0x00000000e0100000, 0x00000000e0100000|100%| O|  |TAMS 0x00000000e0000000, 0x00000000e0000000| Untracked 
|   1|0x00000000e0100000, 0x00000000e0173600, 0x00000000e0200000| 45%| O|  |TAMS 0x00000000e0100000, 0x00000000e0100000| Untracked 
|   2|0x00000000e0200000, 0x00000000e0200000, 0x00000000e0300000|  0%| F|  |TAMS 0x00000000e0200000, 0x00000000e0200000| Untracked 
|   3|0x00000000e0300000, 0x00000000e0300000, 0x00000000e0400000|  0%| F|  |TAMS 0x00000000e0300000, 0x00000000e0300000| Untracked 
|   4|0x00000000e0400000, 0x00000000e0400000, 0x00000000e0500000|  0%| F|  |TAMS 0x00000000e0400000, 0x00000000e0400000| Untracked 
|   5|0x00000000e0500000, 0x00000000e0500000, 0x00000000e0600000|  0%| F|  |TAMS 0x00000000e0500000, 0x00000000e0500000| Untracked 
|   6|0x00000000e0600000, 0x00000000e0600000, 0x00000000e0700000|  0%| F|  |TAMS 0x00000000e0600000, 0x00000000e0600000| Untracked 
|   7|0x00000000e0700000, 0x00000000e0700000, 0x00000000e0800000|  0%| F|  |TAMS 0x00000000e0700000, 0x00000000e0700000| Untracked 
|   8|0x00000000e0800000, 0x00000000e0800000, 0x00000000e0900000|  0%| F|  |TAMS 0x00000000e0800000, 0x00000000e0800000| Untracked 
|   9|0x00000000e0900000, 0x00000000e0900000, 0x00000000e0a00000|  0%| F|  |TAMS 0x00000000e0900000, 0x00000000e0900000| Untracked 
|  10|0x00000000e0a00000, 0x00000000e0a00000, 0x00000000e0b00000|  0%| F|  |TAMS 0x00000000e0a00000, 0x00000000e0a00000| Untracked 
|  11|0x00000000e0b00000, 0x00000000e0b00000, 0x00000000e0c00000|  0%| F|  |TAMS 0x00000000e0b00000, 0x00000000e0b00000| Untracked 
|  12|0x00000000e0c00000, 0x00000000e0c00000, 0x00000000e0d00000|  0%| F|  |TAMS 0x00000000e0c00000, 0x00000000e0c00000| Untracked 
|  13|0x00000000e0d00000, 0x00000000e0d00000, 0x00000000e0e00000|  0%| F|  |TAMS 0x00000000e0d00000, 0x00000000e0d00000| Untracked 
|  14|0x00000000e0e00000, 0x00000000e0e00000, 0x00000000e0f00000|  0%| F|  |TAMS 0x00000000e0e00000, 0x00000000e0e00000| Untracked 
|  15|0x00000000e0f00000, 0x00000000e0f00000, 0x00000000e1000000|  0%| F|  |TAMS 0x00000000e0f00000, 0x00000000e0f00000| Untracked 
|  16|0x00000000e1000000, 0x00000000e1000000, 0x00000000e1100000|  0%| F|  |TAMS 0x00000000e1000000, 0x00000000e1000000| Untracked 
|  17|0x00000000e1100000, 0x00000000e1100000, 0x00000000e1200000|  0%| F|  |TAMS 0x00000000e1100000, 0x00000000e1100000| Untracked 
|  18|0x00000000e1200000, 0x00000000e1200000, 0x00000000e1300000|  0%| F|  |TAMS 0x00000000e1200000, 0x00000000e1200000| Untracked 
|  19|0x00000000e1300000, 0x00000000e1300000, 0x00000000e1400000|  0%| F|  |TAMS 0x00000000e1300000, 0x00000000e1300000| Untracked 
|  20|0x00000000e1400000, 0x00000000e1400000, 0x00000000e1500000|  0%| F|  |TAMS 0x00000000e1400000, 0x00000000e1400000| Untracked 
|  21|0x00000000e1500000, 0x00000000e1500000, 0x00000000e1600000|  0%| F|  |TAMS 0x00000000e1500000, 0x00000000e1500000| Untracked 
|  22|0x00000000e1600000, 0x00000000e1600000, 0x00000000e1700000|  0%| F|  |TAMS 0x00000000e1600000, 0x00000000e1600000| Untracked 
|  23|0x00000000e1700000, 0x00000000e1700000, 0x00000000e1800000|  0%| F|  |TAMS 0x00000000e1700000, 0x00000000e1700000| Untracked 
|  24|0x00000000e1800000, 0x00000000e1800000, 0x00000000e1900000|  0%| F|  |TAMS 0x00000000e1800000, 0x00000000e1800000| Untracked 
|  25|0x00000000e1900000, 0x00000000e1900000, 0x00000000e1a00000|  0%| F|  |TAMS 0x00000000e1900000, 0x00000000e1900000| Untracked 
|  26|0x00000000e1a00000, 0x00000000e1a00000, 0x00000000e1b00000|  0%| F|  |TAMS 0x00000000e1a00000, 0x00000000e1a00000| Untracked 
|  27|0x00000000e1b00000, 0x00000000e1b00000, 0x00000000e1c00000|  0%| F|  |TAMS 0x00000000e1b00000, 0x00000000e1b00000| Untracked 
|  28|0x00000000e1c00000, 0x00000000e1c00000, 0x00000000e1d00000|  0%| F|  |TAMS 0x00000000e1c00000, 0x00000000e1c00000| Untracked 
|  29|0x00000000e1d00000, 0x00000000e1d00000, 0x00000000e1e00000|  0%| F|  |TAMS 0x00000000e1d00000, 0x00000000e1d00000| Untracked 
|  30|0x00000000e1e00000, 0x00000000e1e00000, 0x00000000e1f00000|  0%| F|  |TAMS 0x00000000e1e00000, 0x00000000e1e00000| Untracked 
|  31|0x00000000e1f00000, 0x00000000e1f00000, 0x00000000e2000000|  0%| F|  |TAMS 0x00000000e1f00000, 0x00000000e1f00000| Untracked 
|  32|0x00000000e2000000, 0x00000000e2000000, 0x00000000e2100000|  0%| F|  |TAMS 0x00000000e2000000, 0x00000000e2000000| Untracked 
|  33|0x00000000e2100000, 0x00000000e2100000, 0x00000000e2200000|  0%| F|  |TAMS 0x00000000e2100000, 0x00000000e2100000| Untracked 
|  34|0x00000000e2200000, 0x00000000e2200000, 0x00000000e2300000|  0%| F|  |TAMS 0x00000000e2200000, 0x00000000e2200000| Untracked 
|  35|0x00000000e2300000, 0x00000000e2300000, 0x00000000e2400000|  0%| F|  |TAMS 0x00000000e2300000, 0x00000000e2300000| Untracked 
|  36|0x00000000e2400000, 0x00000000e2400000, 0x00000000e2500000|  0%| F|  |TAMS 0x00000000e2400000, 0x00000000e2400000| Untracked 
|  37|0x00000000e2500000, 0x00000000e2500000, 0x00000000e2600000|  0%| F|  |TAMS 0x00000000e2500000, 0x00000000e2500000| Untracked 
|  38|0x00000000e2600000, 0x00000000e2600000, 0x00000000e2700000|  0%| F|  |TAMS 0x00000000e2600000, 0x00000000e2600000| Untracked 
|  39|0x00000000e2700000, 0x00000000e2700000, 0x00000000e2800000|  0%| F|  |TAMS 0x00000000e2700000, 0x00000000e2700000| Untracked 
|  40|0x00000000e2800000, 0x00000000e2800000, 0x00000000e2900000|  0%| F|  |TAMS 0x00000000e2800000, 0x00000000e2800000| Untracked 
|  41|0x00000000e2900000, 0x00000000e2900000, 0x00000000e2a00000|  0%| F|  |TAMS 0x00000000e2900000, 0x00000000e2900000| Untracked 
|  42|0x00000000e2a00000, 0x00000000e2a00000, 0x00000000e2b00000|  0%| F|  |TAMS 0x00000000e2a00000, 0x00000000e2a00000| Untracked 
|  43|0x00000000e2b00000, 0x00000000e2b00000, 0x00000000e2c00000|  0%| F|  |TAMS 0x00000000e2b00000, 0x00000000e2b00000| Untracked 
|  44|0x00000000e2c00000, 0x00000000e2c00000, 0x00000000e2d00000|  0%| F|  |TAMS 0x00000000e2c00000, 0x00000000e2c00000| Untracked 
|  45|0x00000000e2d00000, 0x00000000e2d00000, 0x00000000e2e00000|  0%| F|  |TAMS 0x00000000e2d00000, 0x00000000e2d00000| Untracked 
|  46|0x00000000e2e00000, 0x00000000e2e00000, 0x00000000e2f00000|  0%| F|  |TAMS 0x00000000e2e00000, 0x00000000e2e00000| Untracked 
|  47|0x00000000e2f00000, 0x00000000e2f00000, 0x00000000e3000000|  0%| F|  |TAMS 0x00000000e2f00000, 0x00000000e2f00000| Untracked 
|  48|0x00000000e3000000, 0x00000000e3000000, 0x00000000e3100000|  0%| F|  |TAMS 0x00000000e3000000, 0x00000000e3000000| Untracked 
|  49|0x00000000e3100000, 0x00000000e3100000, 0x00000000e3200000|  0%| F|  |TAMS 0x00000000e3100000, 0x00000000e3100000| Untracked 
|  50|0x00000000e3200000, 0x00000000e3200000, 0x00000000e3300000|  0%| F|  |TAMS 0x00000000e3200000, 0x00000000e3200000| Untracked 
|  51|0x00000000e3300000, 0x00000000e3300000, 0x00000000e3400000|  0%| F|  |TAMS 0x00000000e3300000, 0x00000000e3300000| Untracked 
|  52|0x00000000e3400000, 0x00000000e3400000, 0x00000000e3500000|  0%| F|  |TAMS 0x00000000e3400000, 0x00000000e3400000| Untracked 
|  53|0x00000000e3500000, 0x00000000e3500000, 0x00000000e3600000|  0%| F|  |TAMS 0x00000000e3500000, 0x00000000e3500000| Untracked 
|  54|0x00000000e3600000, 0x00000000e3600000, 0x00000000e3700000|  0%| F|  |TAMS 0x00000000e3600000, 0x00000000e3600000| Untracked 
|  55|0x00000000e3700000, 0x00000000e3700000, 0x00000000e3800000|  0%| F|  |TAMS 0x00000000e3700000, 0x00000000e3700000| Untracked 
|  56|0x00000000e3800000, 0x00000000e3800000, 0x00000000e3900000|  0%| F|  |TAMS 0x00000000e3800000, 0x00000000e3800000| Untracked 
|  57|0x00000000e3900000, 0x00000000e3900000, 0x00000000e3a00000|  0%| F|  |TAMS 0x00000000e3900000, 0x00000000e3900000| Untracked 
|  58|0x00000000e3a00000, 0x00000000e3a00000, 0x00000000e3b00000|  0%| F|  |TAMS 0x00000000e3a00000, 0x00000000e3a00000| Untracked 
|  59|0x00000000e3b00000, 0x00000000e3b00000, 0x00000000e3c00000|  0%| F|  |TAMS 0x00000000e3b00000, 0x00000000e3b00000| Untracked 
|  60|0x00000000e3c00000, 0x00000000e3c00000, 0x00000000e3d00000|  0%| F|  |TAMS 0x00000000e3c00000, 0x00000000e3c00000| Untracked 
|  61|0x00000000e3d00000, 0x00000000e3d00000, 0x00000000e3e00000|  0%| F|  |TAMS 0x00000000e3d00000, 0x00000000e3d00000| Untracked 
|  62|0x00000000e3e00000, 0x00000000e3e00000, 0x00000000e3f00000|  0%| F|  |TAMS 0x00000000e3e00000, 0x00000000e3e00000| Untracked 
|  63|0x00000000e3f00000, 0x00000000e3f00000, 0x00000000e4000000|  0%| F|  |TAMS 0x00000000e3f00000, 0x00000000e3f00000| Untracked 
|  64|0x00000000e4000000, 0x00000000e4000000, 0x00000000e4100000|  0%| F|  |TAMS 0x00000000e4000000, 0x00000000e4000000| Untracked 
|  65|0x00000000e4100000, 0x00000000e4100000, 0x00000000e4200000|  0%| F|  |TAMS 0x00000000e4100000, 0x00000000e4100000| Untracked 
|  66|0x00000000e4200000, 0x00000000e4200000, 0x00000000e4300000|  0%| F|  |TAMS 0x00000000e4200000, 0x00000000e4200000| Untracked 
|  67|0x00000000e4300000, 0x00000000e4300000, 0x00000000e4400000|  0%| F|  |TAMS 0x00000000e4300000, 0x00000000e4300000| Untracked 
|  68|0x00000000e4400000, 0x00000000e4400000, 0x00000000e4500000|  0%| F|  |TAMS 0x00000000e4400000, 0x00000000e4400000| Untracked 
|  69|0x00000000e4500000, 0x00000000e4500000, 0x00000000e4600000|  0%| F|  |TAMS 0x00000000e4500000, 0x00000000e4500000| Untracked 
|  70|0x00000000e4600000, 0x00000000e4600000, 0x00000000e4700000|  0%| F|  |TAMS 0x00000000e4600000, 0x00000000e4600000| Untracked 
|  71|0x00000000e4700000, 0x00000000e4700000, 0x00000000e4800000|  0%| F|  |TAMS 0x00000000e4700000, 0x00000000e4700000| Untracked 
|  72|0x00000000e4800000, 0x00000000e4800000, 0x00000000e4900000|  0%| F|  |TAMS 0x00000000e4800000, 0x00000000e4800000| Untracked 
|  73|0x00000000e4900000, 0x00000000e4900000, 0x00000000e4a00000|  0%| F|  |TAMS 0x00000000e4900000, 0x00000000e4900000| Untracked 
|  74|0x00000000e4a00000, 0x00000000e4a00000, 0x00000000e4b00000|  0%| F|  |TAMS 0x00000000e4a00000, 0x00000000e4a00000| Untracked 
|  75|0x00000000e4b00000, 0x00000000e4b00000, 0x00000000e4c00000|  0%| F|  |TAMS 0x00000000e4b00000, 0x00000000e4b00000| Untracked 
|  76|0x00000000e4c00000, 0x00000000e4c00000, 0x00000000e4d00000|  0%| F|  |TAMS 0x00000000e4c00000, 0x00000000e4c00000| Untracked 
|  77|0x00000000e4d00000, 0x00000000e4d00000, 0x00000000e4e00000|  0%| F|  |TAMS 0x00000000e4d00000, 0x00000000e4d00000| Untracked 
|  78|0x00000000e4e00000, 0x00000000e4e00000, 0x00000000e4f00000|  0%| F|  |TAMS 0x00000000e4e00000, 0x00000000e4e00000| Untracked 
|  79|0x00000000e4f00000, 0x00000000e4f00000, 0x00000000e5000000|  0%| F|  |TAMS 0x00000000e4f00000, 0x00000000e4f00000| Untracked 
|  80|0x00000000e5000000, 0x00000000e5000000, 0x00000000e5100000|  0%| F|  |TAMS 0x00000000e5000000, 0x00000000e5000000| Untracked 
|  81|0x00000000e5100000, 0x00000000e5100000, 0x00000000e5200000|  0%| F|  |TAMS 0x00000000e5100000, 0x00000000e5100000| Untracked 
|  82|0x00000000e5200000, 0x00000000e5200000, 0x00000000e5300000|  0%| F|  |TAMS 0x00000000e5200000, 0x00000000e5200000| Untracked 
|  83|0x00000000e5300000, 0x00000000e5300000, 0x00000000e5400000|  0%| F|  |TAMS 0x00000000e5300000, 0x00000000e5300000| Untracked 
|  84|0x00000000e5400000, 0x00000000e5400000, 0x00000000e5500000|  0%| F|  |TAMS 0x00000000e5400000, 0x00000000e5400000| Untracked 
|  85|0x00000000e5500000, 0x00000000e5500000, 0x00000000e5600000|  0%| F|  |TAMS 0x00000000e5500000, 0x00000000e5500000| Untracked 
|  86|0x00000000e5600000, 0x00000000e5600000, 0x00000000e5700000|  0%| F|  |TAMS 0x00000000e5600000, 0x00000000e5600000| Untracked 
|  87|0x00000000e5700000, 0x00000000e5700000, 0x00000000e5800000|  0%| F|  |TAMS 0x00000000e5700000, 0x00000000e5700000| Untracked 
|  88|0x00000000e5800000, 0x00000000e5800000, 0x00000000e5900000|  0%| F|  |TAMS 0x00000000e5800000, 0x00000000e5800000| Untracked 
|  89|0x00000000e5900000, 0x00000000e5900000, 0x00000000e5a00000|  0%| F|  |TAMS 0x00000000e5900000, 0x00000000e5900000| Untracked 
|  90|0x00000000e5a00000, 0x00000000e5a00000, 0x00000000e5b00000|  0%| F|  |TAMS 0x00000000e5a00000, 0x00000000e5a00000| Untracked 
|  91|0x00000000e5b00000, 0x00000000e5b00000, 0x00000000e5c00000|  0%| F|  |TAMS 0x00000000e5b00000, 0x00000000e5b00000| Untracked 
|  92|0x00000000e5c00000, 0x00000000e5c00000, 0x00000000e5d00000|  0%| F|  |TAMS 0x00000000e5c00000, 0x00000000e5c00000| Untracked 
|  93|0x00000000e5d00000, 0x00000000e5d00000, 0x00000000e5e00000|  0%| F|  |TAMS 0x00000000e5d00000, 0x00000000e5d00000| Untracked 
|  94|0x00000000e5e00000, 0x00000000e5e00000, 0x00000000e5f00000|  0%| F|  |TAMS 0x00000000e5e00000, 0x00000000e5e00000| Untracked 
|  95|0x00000000e5f00000, 0x00000000e5f00000, 0x00000000e6000000|  0%| F|  |TAMS 0x00000000e5f00000, 0x00000000e5f00000| Untracked 
|  96|0x00000000e6000000, 0x00000000e6000000, 0x00000000e6100000|  0%| F|  |TAMS 0x00000000e6000000, 0x00000000e6000000| Untracked 
|  97|0x00000000e6100000, 0x00000000e6100000, 0x00000000e6200000|  0%| F|  |TAMS 0x00000000e6100000, 0x00000000e6100000| Untracked 
|  98|0x00000000e6200000, 0x00000000e6200000, 0x00000000e6300000|  0%| F|  |TAMS 0x00000000e6200000, 0x00000000e6200000| Untracked 
|  99|0x00000000e6300000, 0x00000000e6300000, 0x00000000e6400000|  0%| F|  |TAMS 0x00000000e6300000, 0x00000000e6300000| Untracked 
| 100|0x00000000e6400000, 0x00000000e6500000, 0x00000000e6500000|100%| S|CS|TAMS 0x00000000e6400000, 0x00000000e6400000| Complete 
| 101|0x00000000e6500000, 0x00000000e6600000, 0x00000000e6600000|100%| S|CS|TAMS 0x00000000e6500000, 0x00000000e6500000| Complete 
| 102|0x00000000e6600000, 0x00000000e6700000, 0x00000000e6700000|100%| S|CS|TAMS 0x00000000e6600000, 0x00000000e6600000| Complete 
| 103|0x00000000e6700000, 0x00000000e6700000, 0x00000000e6800000|  0%| F|  |TAMS 0x00000000e6700000, 0x00000000e6700000| Untracked 
| 104|0x00000000e6800000, 0x00000000e6800000, 0x00000000e6900000|  0%| F|  |TAMS 0x00000000e6800000, 0x00000000e6800000| Untracked 
| 105|0x00000000e6900000, 0x00000000e6900000, 0x00000000e6a00000|  0%| F|  |TAMS 0x00000000e6900000, 0x00000000e6900000| Untracked 
| 106|0x00000000e6a00000, 0x00000000e6a00000, 0x00000000e6b00000|  0%| F|  |TAMS 0x00000000e6a00000, 0x00000000e6a00000| Untracked 
| 107|0x00000000e6b00000, 0x00000000e6b00000, 0x00000000e6c00000|  0%| F|  |TAMS 0x00000000e6b00000, 0x00000000e6b00000| Untracked 
| 108|0x00000000e6c00000, 0x00000000e6cf7ef8, 0x00000000e6d00000| 96%| E|  |TAMS 0x00000000e6c00000, 0x00000000e6c00000| Complete 
| 109|0x00000000e6d00000, 0x00000000e6e00000, 0x00000000e6e00000|100%| E|  |TAMS 0x00000000e6d00000, 0x00000000e6d00000| Complete 
| 110|0x00000000e6e00000, 0x00000000e6f00000, 0x00000000e6f00000|100%| E|CS|TAMS 0x00000000e6e00000, 0x00000000e6e00000| Complete 
| 111|0x00000000e6f00000, 0x00000000e7000000, 0x00000000e7000000|100%| E|CS|TAMS 0x00000000e6f00000, 0x00000000e6f00000| Complete 
| 112|0x00000000e7000000, 0x00000000e7100000, 0x00000000e7100000|100%| E|CS|TAMS 0x00000000e7000000, 0x00000000e7000000| Complete 
| 113|0x00000000e7100000, 0x00000000e7200000, 0x00000000e7200000|100%| E|CS|TAMS 0x00000000e7100000, 0x00000000e7100000| Complete 
| 114|0x00000000e7200000, 0x00000000e7300000, 0x00000000e7300000|100%| E|CS|TAMS 0x00000000e7200000, 0x00000000e7200000| Complete 
| 115|0x00000000e7300000, 0x00000000e7400000, 0x00000000e7400000|100%| E|CS|TAMS 0x00000000e7300000, 0x00000000e7300000| Complete 
| 116|0x00000000e7400000, 0x00000000e7500000, 0x00000000e7500000|100%| E|CS|TAMS 0x00000000e7400000, 0x00000000e7400000| Complete 
| 117|0x00000000e7500000, 0x00000000e7600000, 0x00000000e7600000|100%| E|CS|TAMS 0x00000000e7500000, 0x00000000e7500000| Complete 
| 118|0x00000000e7600000, 0x00000000e7700000, 0x00000000e7700000|100%| E|CS|TAMS 0x00000000e7600000, 0x00000000e7600000| Complete 
| 119|0x00000000e7700000, 0x00000000e7800000, 0x00000000e7800000|100%| E|CS|TAMS 0x00000000e7700000, 0x00000000e7700000| Complete 
| 120|0x00000000e7800000, 0x00000000e7900000, 0x00000000e7900000|100%| E|CS|TAMS 0x00000000e7800000, 0x00000000e7800000| Complete 
| 121|0x00000000e7900000, 0x00000000e7a00000, 0x00000000e7a00000|100%| E|CS|TAMS 0x00000000e7900000, 0x00000000e7900000| Complete 
| 122|0x00000000e7a00000, 0x00000000e7b00000, 0x00000000e7b00000|100%| E|CS|TAMS 0x00000000e7a00000, 0x00000000e7a00000| Complete 
| 123|0x00000000e7b00000, 0x00000000e7c00000, 0x00000000e7c00000|100%| E|CS|TAMS 0x00000000e7b00000, 0x00000000e7b00000| Complete 
| 124|0x00000000e7c00000, 0x00000000e7d00000, 0x00000000e7d00000|100%| E|CS|TAMS 0x00000000e7c00000, 0x00000000e7c00000| Complete 
| 125|0x00000000e7d00000, 0x00000000e7e00000, 0x00000000e7e00000|100%| E|CS|TAMS 0x00000000e7d00000, 0x00000000e7d00000| Complete 

Card table byte_map: [0x000002526dc70000,0x000002526dd70000] _byte_map_base: 0x000002526d570000

Marking Bits (Prev, Next): (CMBitMap*) 0x0000025257080f50, (CMBitMap*) 0x0000025257080f90
 Prev Bits: [0x000002526de70000, 0x000002526e670000)
 Next Bits: [0x000002526e670000, 0x000002526ee70000)

Polling page: 0x0000025254ff0000

Metaspace:

Usage:
  Non-class:     12.95 MB used.
      Class:      1.91 MB used.
       Both:     14.87 MB used.

Virtual space:
  Non-class space:       16.00 MB reserved,      13.12 MB ( 82%) committed,  2 nodes.
      Class space:        1.00 GB reserved,       2.06 MB ( <1%) committed,  1 nodes.
             Both:        1.02 GB reserved,      15.19 MB (  1%) committed. 

Chunk freelists:
   Non-Class:  2.80 MB
       Class:  1.98 MB
        Both:  4.78 MB

MaxMetaspaceSize: unlimited
CompressedClassSpaceSize: 1.00 GB
Initial GC threshold: 21.00 MB
Current GC threshold: 21.00 MB
CDS: on
MetaspaceReclaimPolicy: balanced
 - commit_granule_bytes: 65536.
 - commit_granule_words: 8192.
 - virtual_space_node_default_size: 1048576.
 - enlarge_chunks_in_place: 1.
 - new_chunks_are_fully_committed: 0.
 - uncommit_free_chunks: 1.
 - use_allocation_guard: 0.
 - handle_deallocations: 1.


Internal statistics:

num_allocs_failed_limit: 0.
num_arena_births: 240.
num_arena_deaths: 0.
num_vsnodes_births: 3.
num_vsnodes_deaths: 0.
num_space_committed: 243.
num_space_uncommitted: 0.
num_chunks_returned_to_freelist: 0.
num_chunks_taken_from_freelist: 616.
num_chunk_merges: 0.
num_chunk_splits: 356.
num_chunks_enlarged: 219.
num_purges: 0.
num_inconsistent_stats: 0.

CodeHeap 'non-profiled nmethods': size=120000Kb used=757Kb max_used=757Kb free=119242Kb
 bounds [0x0000025266310000, 0x0000025266580000, 0x000002526d840000]
CodeHeap 'profiled nmethods': size=120000Kb used=3971Kb max_used=3971Kb free=116028Kb
 bounds [0x000002525ede0000, 0x000002525f1d0000, 0x0000025266310000]
CodeHeap 'non-nmethods': size=5760Kb used=1220Kb max_used=1247Kb free=4539Kb
 bounds [0x000002525e840000, 0x000002525eab0000, 0x000002525ede0000]
 total_blobs=2519 nmethods=2016 adapters=415
 compilation: enabled
              stopped_count=0, restarted_count=0
 full_count=0

Compilation events (20 events):
Event: 2.356 Thread 0x000002527187d680 nmethod 1979 0x000002525f1ac190 code [0x000002525f1ac340, 0x000002525f1ac508]
Event: 2.356 Thread 0x000002527187d680 1981       3       sun.security.x509.X500Name::getRFC2253CanonicalName (87 bytes)
Event: 2.358 Thread 0x000002527187d680 nmethod 1981 0x000002525f1ac610 code [0x000002525f1ac820, 0x000002525f1acdb8]
Event: 2.358 Thread 0x000002527187d680 1982       3       sun.security.provider.JavaKeyStore$JKS::convertAlias (8 bytes)
Event: 2.358 Thread 0x000002527187d680 nmethod 1982 0x000002525f1ad010 code [0x000002525f1ad1e0, 0x000002525f1ad518]
Event: 2.358 Thread 0x000002527187d680 1983       3       javax.security.auth.x500.X500Principal::hashCode (8 bytes)
Event: 2.359 Thread 0x000002527187d680 nmethod 1983 0x000002525f1ad690 code [0x000002525f1ad840, 0x000002525f1ada38]
Event: 2.359 Thread 0x000002527187d680 1984   !   3       java.security.Provider$Service::newInstance (365 bytes)
Event: 2.364 Thread 0x000002527187cbe0 nmethod 1980 0x00000252663c8910 code [0x00000252663c8aa0, 0x00000252663c8d38]
Event: 2.365 Thread 0x000002527187cbe0 1988       4       sun.security.provider.SHA5::lf_sigma1 (21 bytes)
Event: 2.366 Thread 0x000002527187d680 nmethod 1984 0x000002525f1adb90 code [0x000002525f1ae240, 0x000002525f1b1118]
Event: 2.366 Thread 0x000002527187d680 1987  s    1       java.lang.StringBuffer::length (5 bytes)
Event: 2.366 Thread 0x000002527187cbe0 nmethod 1988 0x00000252663c8f90 code [0x00000252663c9100, 0x00000252663c9178]
Event: 2.366 Thread 0x000002527187cbe0 1989       4       sun.security.provider.SHA5::lf_sigma0 (21 bytes)
Event: 2.366 Thread 0x000002527187d680 nmethod 1987 0x00000252663c9290 code [0x00000252663c9420, 0x00000252663c9598]
Event: 2.366 Thread 0x000002527187d680 1986       3       java.util.TreeMap$PrivateEntryIterator::hasNext (13 bytes)
Event: 2.366 Thread 0x000002527187d680 nmethod 1986 0x000002525f1b2910 code [0x000002525f1b2aa0, 0x000002525f1b2c18]
Event: 2.366 Thread 0x000002527187d680 1985   !   3       java.security.Provider$Service::newInstanceUtil (60 bytes)
Event: 2.366 Thread 0x000002527187cbe0 nmethod 1989 0x00000252663c9610 code [0x00000252663c9780, 0x00000252663c97f8]
Event: 2.366 Thread 0x000002527187cbe0 1990       4       sun.security.provider.SHA5::lf_delta1 (21 bytes)

GC Heap History (2 events):
Event: 1.316 GC heap before
{Heap before GC invocations=0 (full 0):
 garbage-first heap   total 129024K, used 22528K [0x00000000e0000000, 0x0000000100000000)
  region size 1024K, 23 young (23552K), 0 survivors (0K)
 Metaspace       used 7147K, committed 7424K, reserved 1056768K
  class space    used 958K, committed 1088K, reserved 1048576K
}
Event: 1.325 GC heap after
{Heap after GC invocations=1 (full 0):
 garbage-first heap   total 129024K, used 4557K [0x00000000e0000000, 0x0000000100000000)
  region size 1024K, 3 young (3072K), 3 survivors (3072K)
 Metaspace       used 7147K, committed 7424K, reserved 1056768K
  class space    used 958K, committed 1088K, reserved 1048576K
}

Deoptimization events (20 events):
Event: 2.333 Thread 0x00000252737e6b20 DEOPT PACKING pc=0x000002526634e540 sp=0x000000d47dafd3e0
Event: 2.333 Thread 0x00000252737e6b20 DEOPT UNPACKING pc=0x000002525e895c23 sp=0x000000d47dafd348 mode 2
Event: 2.333 Thread 0x00000252737e6b20 Uncommon trap: trap_request=0xffffffc6 fr.pc=0x000002526634e540 relative=0x0000000000000280
Event: 2.333 Thread 0x00000252737e6b20 Uncommon trap: reason=bimorphic_or_optimized_type_check action=maybe_recompile pc=0x000002526634e540 method=java.util.HashMap.getNode(Ljava/lang/Object;)Ljava/util/HashMap$Node; @ 128 c2
Event: 2.333 Thread 0x00000252737e6b20 DEOPT PACKING pc=0x000002526634e540 sp=0x000000d47dafd3e0
Event: 2.333 Thread 0x00000252737e6b20 DEOPT UNPACKING pc=0x000002525e895c23 sp=0x000000d47dafd348 mode 2
Event: 2.333 Thread 0x00000252737e6b20 DEOPT PACKING pc=0x000002525f189dbe sp=0x000000d47dafd260
Event: 2.333 Thread 0x00000252737e6b20 DEOPT UNPACKING pc=0x000002525e896763 sp=0x000000d47dafc6e0 mode 0
Event: 2.334 Thread 0x00000252737e6b20 DEOPT PACKING pc=0x000002525f189dbe sp=0x000000d47dafd260
Event: 2.334 Thread 0x00000252737e6b20 DEOPT UNPACKING pc=0x000002525e896763 sp=0x000000d47dafc6e0 mode 0
Event: 2.335 Thread 0x00000252737e6b20 DEOPT PACKING pc=0x000002525f189dbe sp=0x000000d47dafd260
Event: 2.335 Thread 0x00000252737e6b20 DEOPT UNPACKING pc=0x000002525e896763 sp=0x000000d47dafc6e0 mode 0
Event: 2.335 Thread 0x00000252737e6b20 DEOPT PACKING pc=0x000002525f189dbe sp=0x000000d47dafd260
Event: 2.336 Thread 0x00000252737e6b20 DEOPT UNPACKING pc=0x000002525e896763 sp=0x000000d47dafc6e0 mode 0
Event: 2.336 Thread 0x00000252737e6b20 DEOPT PACKING pc=0x000002525f189dbe sp=0x000000d47dafd260
Event: 2.336 Thread 0x00000252737e6b20 DEOPT UNPACKING pc=0x000002525e896763 sp=0x000000d47dafc6e0 mode 0
Event: 2.337 Thread 0x00000252737e6b20 DEOPT PACKING pc=0x000002525f189dbe sp=0x000000d47dafd260
Event: 2.337 Thread 0x00000252737e6b20 DEOPT UNPACKING pc=0x000002525e896763 sp=0x000000d47dafc6e0 mode 0
Event: 2.338 Thread 0x00000252737e6b20 DEOPT PACKING pc=0x000002525f189dbe sp=0x000000d47dafd260
Event: 2.338 Thread 0x00000252737e6b20 DEOPT UNPACKING pc=0x000002525e896763 sp=0x000000d47dafc6e0 mode 0

Classes unloaded (0 events):
No events

Classes redefined (0 events):
No events

Internal exceptions (20 events):
Event: 1.417 Thread 0x00000252570599d0 Exception <a 'java/lang/NoSuchMethodError'{0x00000000e7cd8b98}: 'java.lang.Object java.lang.invoke.DirectMethodHandle$Holder.invokeInterface(java.lang.Object, java.lang.Object, java.lang.Object)'> (0x00000000e7cd8b98) 
thrown [t:\workspace\open\src\hotspot\share\interpreter\linkResolver.cpp, line 766]
Event: 1.428 Thread 0x00000252570599d0 Exception <a 'java/lang/NoSuchMethodError'{0x00000000e7b101b8}: 'java.lang.Object java.lang.invoke.DirectMethodHandle$Holder.newInvokeSpecial(java.lang.Object, java.lang.Object, java.lang.Object, java.lang.Object, java.lang.Object, java.lang.Object, java.lang.Object)'> (0x00000000e7b101b8) 
thrown [t:\workspace\open\src\hotspot\share\interpreter\linkResolver.cpp, line 766]
Event: 1.429 Thread 0x00000252570599d0 Exception <a 'java/lang/NoSuchMethodError'{0x00000000e7b14d70}: 'java.lang.Object java.lang.invoke.Invokers$Holder.linkToTargetMethod(java.lang.Object, java.lang.Object, java.lang.Object, java.lang.Object, java.lang.Object, java.lang.Object, java.lang.Object)'> (0x00000000e7b14d70) 
thrown [t:\workspace\open\src\hotspot\share\interpreter\linkResolver.cpp, line 766]
Event: 1.430 Thread 0x00000252570599d0 Exception <a 'java/lang/NoSuchMethodError'{0x00000000e7b203d0}: 'java.lang.Object java.lang.invoke.DirectMethodHandle$Holder.invokeInterface(java.lang.Object, java.lang.Object, java.lang.Object, java.lang.Object, java.lang.Object)'> (0x00000000e7b203d0) 
thrown [t:\workspace\open\src\hotspot\share\interpreter\linkResolver.cpp, line 766]
Event: 1.431 Thread 0x00000252570599d0 Exception <a 'java/lang/IncompatibleClassChangeError'{0x00000000e7b241c8}: Found class java.lang.Object, but interface was expected> (0x00000000e7b241c8) 
thrown [t:\workspace\open\src\hotspot\share\interpreter\linkResolver.cpp, line 833]
Event: 1.544 Thread 0x00000252570599d0 Exception <a 'sun/nio/fs/WindowsException'{0x00000000e79e8568}> (0x00000000e79e8568) 
thrown [t:\workspace\open\src\hotspot\share\prims\jni.cpp, line 516]
Event: 1.560 Thread 0x00000252570599d0 Exception <a 'java/lang/NoSuchMethodError'{0x00000000e780a278}: 'int java.lang.invoke.DirectMethodHandle$Holder.invokeStaticInit(java.lang.Object, java.lang.Object, java.lang.Object, java.lang.Object)'> (0x00000000e780a278) 
thrown [t:\workspace\open\src\hotspot\share\interpreter\linkResolver.cpp, line 766]
Event: 1.561 Thread 0x00000252570599d0 Exception <a 'java/lang/IncompatibleClassChangeError'{0x00000000e7813970}: Found class java.lang.Object, but interface was expected> (0x00000000e7813970) 
thrown [t:\workspace\open\src\hotspot\share\interpreter\linkResolver.cpp, line 833]
Event: 1.561 Thread 0x00000252570599d0 Exception <a 'java/lang/NoSuchMethodError'{0x00000000e7816dd0}: 'void java.lang.invoke.DirectMethodHandle$Holder.invokeStatic(java.lang.Object, java.lang.Object)'> (0x00000000e7816dd0) 
thrown [t:\workspace\open\src\hotspot\share\interpreter\linkResolver.cpp, line 766]
Event: 1.562 Thread 0x00000252570599d0 Exception <a 'java/lang/NoSuchMethodError'{0x00000000e781a920}: 'void java.lang.invoke.DirectMethodHandle$Holder.invokeStaticInit(java.lang.Object, java.lang.Object)'> (0x00000000e781a920) 
thrown [t:\workspace\open\src\hotspot\share\interpreter\linkResolver.cpp, line 766]
Event: 1.562 Thread 0x00000252570599d0 Exception <a 'java/lang/NoSuchMethodError'{0x00000000e7820a70}: 'int java.lang.invoke.DirectMethodHandle$Holder.invokeStaticInit(java.lang.Object, java.lang.Object)'> (0x00000000e7820a70) 
thrown [t:\workspace\open\src\hotspot\share\interpreter\linkResolver.cpp, line 766]
Event: 1.738 Thread 0x00000252570599d0 Exception <a 'java/lang/NoSuchMethodError'{0x00000000e7342c60}: 'java.lang.Object java.lang.invoke.DirectMethodHandle$Holder.invokeStaticInit(java.lang.Object, java.lang.Object, int)'> (0x00000000e7342c60) 
thrown [t:\workspace\open\src\hotspot\share\interpreter\linkResolver.cpp, line 766]
Event: 1.739 Thread 0x00000252570599d0 Exception <a 'java/lang/NoSuchMethodError'{0x00000000e7349368}: 'java.lang.Object java.lang.invoke.DirectMethodHandle$Holder.newInvokeSpecial(java.lang.Object, java.lang.Object, int)'> (0x00000000e7349368) 
thrown [t:\workspace\open\src\hotspot\share\interpreter\linkResolver.cpp, line 766]
Event: 1.745 Thread 0x00000252570599d0 Exception <a 'java/lang/NoSuchMethodError'{0x00000000e73644e8}: 'int java.lang.invoke.DirectMethodHandle$Holder.invokeSpecialIFC(java.lang.Object, java.lang.Object, java.lang.Object)'> (0x00000000e73644e8) 
thrown [t:\workspace\open\src\hotspot\share\interpreter\linkResolver.cpp, line 766]
Event: 1.820 Thread 0x0000025272d482f0 Exception <a 'java/lang/NoSuchMethodError'{0x00000000e72f5c88}: 'java.lang.Object java.lang.invoke.DirectMethodHandle$Holder.invokeSpecial(java.lang.Object, java.lang.Object, java.lang.Object, java.lang.Object, int)'> (0x00000000e72f5c88) 
thrown [t:\workspace\open\src\hotspot\share\interpreter\linkResolver.cpp, line 766]
Event: 1.821 Thread 0x0000025272d482f0 Exception <a 'java/lang/NoSuchMethodError'{0x00000000e72f9850}: 'java.lang.Object java.lang.invoke.Invokers$Holder.linkToTargetMethod(java.lang.Object, java.lang.Object, int, java.lang.Object)'> (0x00000000e72f9850) 
thrown [t:\workspace\open\src\hotspot\share\interpreter\linkResolver.cpp, line 766]
Event: 1.956 Thread 0x0000025273acf020 Exception <a 'java/lang/NoSuchMethodError'{0x00000000e720d518}: 'void java.lang.invoke.DirectMethodHandle$Holder.invokeStatic(java.lang.Object, java.lang.Object, int)'> (0x00000000e720d518) 
thrown [t:\workspace\open\src\hotspot\share\interpreter\linkResolver.cpp, line 766]
Event: 1.965 Thread 0x00000252737e6b20 Exception <a 'java/lang/NoSuchMethodError'{0x00000000e7065350}: 'int java.lang.invoke.DirectMethodHandle$Holder.invokeStaticInit(java.lang.Object, int, int)'> (0x00000000e7065350) 
thrown [t:\workspace\open\src\hotspot\share\interpreter\linkResolver.cpp, line 766]
Event: 1.970 Thread 0x00000252737e6b20 Exception <a 'java/lang/NoSuchMethodError'{0x00000000e7078b20}: 'void java.lang.invoke.DirectMethodHandle$Holder.invokeVirtual(java.lang.Object, java.lang.Object)'> (0x00000000e7078b20) 
thrown [t:\workspace\open\src\hotspot\share\interpreter\linkResolver.cpp, line 766]
Event: 2.241 Thread 0x00000252737e6b20 Implicit null exception at 0x000002526639a491 to 0x000002526639a723

VM Operations (20 events):
Event: 0.384 Executing VM operation: HandshakeAllThreads
Event: 0.384 Executing VM operation: HandshakeAllThreads done
Event: 0.766 Executing VM operation: HandshakeAllThreads
Event: 0.766 Executing VM operation: HandshakeAllThreads done
Event: 0.788 Executing VM operation: HandshakeAllThreads
Event: 0.788 Executing VM operation: HandshakeAllThreads done
Event: 1.143 Executing VM operation: ICBufferFull
Event: 1.144 Executing VM operation: ICBufferFull done
Event: 1.316 Executing VM operation: G1CollectForAllocation
Event: 1.325 Executing VM operation: G1CollectForAllocation done
Event: 1.434 Executing VM operation: HandshakeAllThreads
Event: 1.434 Executing VM operation: HandshakeAllThreads done
Event: 1.528 Executing VM operation: HandshakeAllThreads
Event: 1.528 Executing VM operation: HandshakeAllThreads done
Event: 1.554 Executing VM operation: HandshakeAllThreads
Event: 1.554 Executing VM operation: HandshakeAllThreads done
Event: 1.639 Executing VM operation: HandshakeAllThreads
Event: 1.639 Executing VM operation: HandshakeAllThreads done
Event: 2.187 Executing VM operation: ICBufferFull
Event: 2.187 Executing VM operation: ICBufferFull done

Events (20 events):
Event: 2.326 loading class sun/security/validator/CADistrustPolicy$2 done
Event: 2.326 loading class java/util/RegularEnumSet$EnumSetIterator
Event: 2.326 loading class java/util/RegularEnumSet$EnumSetIterator done
Event: 2.326 loading class sun/security/validator/SymantecTLSPolicy
Event: 2.326 loading class sun/security/validator/SymantecTLSPolicy done
Event: 2.327 loading class java/time/Month
Event: 2.327 loading class java/time/Month done
Event: 2.328 loading class sun/security/ssl/SSLConfiguration$1
Event: 2.328 loading class sun/security/ssl/SSLConfiguration$1 done
Event: 2.329 loading class sun/security/util/AnchorCertificates
Event: 2.329 loading class sun/security/util/AnchorCertificates done
Event: 2.329 loading class sun/security/util/AnchorCertificates$1
Event: 2.329 loading class sun/security/util/AnchorCertificates$1 done
Event: 2.329 loading class sun/security/provider/JavaKeyStore$DualFormatJKS
Event: 2.329 loading class sun/security/provider/JavaKeyStore$DualFormatJKS done
Event: 2.360 loading class sun/security/util/HostnameChecker
Event: 2.360 loading class sun/security/util/HostnameChecker done
Event: 2.362 loading class sun/security/ssl/X509Authentication$X509Credentials
Event: 2.362 loading class sun/security/ssl/X509Authentication$X509Credentials done
Event: 2.367 loading class sun/security/ssl/CertificateVerify$T13CertificateVerifyMessage


Dynamic libraries:
0x00007ff715230000 - 0x00007ff71523e000 	C:\Program Files\Java\jdk-17.0.1\bin\java.exe
0x00007ffa42f70000 - 0x00007ffa43168000 	C:\WINDOWS\SYSTEM32\ntdll.dll
0x00007ffa00d60000 - 0x00007ffa00d7a000 	C:\Program Files\Avast Software\Avast\aswhook.dll
0x00007ffa41df0000 - 0x00007ffa41ead000 	C:\WINDOWS\System32\KERNEL32.DLL
0x00007ffa40b70000 - 0x00007ffa40e66000 	C:\WINDOWS\System32\KERNELBASE.dll
0x00007ffa40980000 - 0x00007ffa40a80000 	C:\WINDOWS\System32\ucrtbase.dll
0x00007ffa3d910000 - 0x00007ffa3d928000 	C:\Program Files\Java\jdk-17.0.1\bin\jli.dll
0x00007ffa3d790000 - 0x00007ffa3d7aa000 	C:\Program Files\Java\jdk-17.0.1\bin\VCRUNTIME140.dll
0x00007ffa41980000 - 0x00007ffa41b1f000 	C:\WINDOWS\System32\USER32.dll
0x00007ffa40ee0000 - 0x00007ffa40f02000 	C:\WINDOWS\System32\win32u.dll
0x00007ffa2e2f0000 - 0x00007ffa2e58a000 	C:\WINDOWS\WinSxS\amd64_microsoft.windows.common-controls_6595b64144ccf1df_6.0.19041.3636_none_60b6a03d71f818d5\COMCTL32.dll
0x00007ffa42dc0000 - 0x00007ffa42deb000 	C:\WINDOWS\System32\GDI32.dll
0x00007ffa42320000 - 0x00007ffa423be000 	C:\WINDOWS\System32\msvcrt.dll
0x00007ffa40860000 - 0x00007ffa40977000 	C:\WINDOWS\System32\gdi32full.dll
0x00007ffa40a80000 - 0x00007ffa40b1d000 	C:\WINDOWS\System32\msvcp_win.dll
0x00007ffa423c0000 - 0x00007ffa423f2000 	C:\WINDOWS\System32\IMM32.DLL
0x00007ffa3d780000 - 0x00007ffa3d78c000 	C:\Program Files\Java\jdk-17.0.1\bin\vcruntime140_1.dll
0x00007ffa3d520000 - 0x00007ffa3d5ad000 	C:\Program Files\Java\jdk-17.0.1\bin\msvcp140.dll
0x00007ff9a2610000 - 0x00007ff9a31ce000 	C:\Program Files\Java\jdk-17.0.1\bin\server\jvm.dll
0x00007ffa421d0000 - 0x00007ffa42280000 	C:\WINDOWS\System32\ADVAPI32.dll
0x00007ffa42280000 - 0x00007ffa42320000 	C:\WINDOWS\System32\sechost.dll
0x00007ffa42410000 - 0x00007ffa42533000 	C:\WINDOWS\System32\RPCRT4.dll
0x00007ffa40620000 - 0x00007ffa40647000 	C:\WINDOWS\System32\bcrypt.dll
0x00007ffa41bd0000 - 0x00007ffa41bd8000 	C:\WINDOWS\System32\PSAPI.DLL
0x00007ffa18970000 - 0x00007ffa18997000 	C:\WINDOWS\SYSTEM32\WINMM.dll
0x00007ffa2dd50000 - 0x00007ffa2dd59000 	C:\WINDOWS\SYSTEM32\WSOCK32.dll
0x00007ffa35bd0000 - 0x00007ffa35bda000 	C:\WINDOWS\SYSTEM32\VERSION.dll
0x00007ffa420a0000 - 0x00007ffa4210b000 	C:\WINDOWS\System32\WS2_32.dll
0x00007ffa3ee40000 - 0x00007ffa3ee52000 	C:\WINDOWS\SYSTEM32\kernel.appcore.dll
0x00007ffa3d770000 - 0x00007ffa3d77a000 	C:\Program Files\Java\jdk-17.0.1\bin\jimage.dll
0x00007ffa3e3b0000 - 0x00007ffa3e594000 	C:\WINDOWS\SYSTEM32\DBGHELP.DLL
0x00007ffa2ecd0000 - 0x00007ffa2ed04000 	C:\WINDOWS\SYSTEM32\dbgcore.DLL
0x00007ffa40f10000 - 0x00007ffa40f92000 	C:\WINDOWS\System32\bcryptPrimitives.dll
0x00007ffa3d740000 - 0x00007ffa3d765000 	C:\Program Files\Java\jdk-17.0.1\bin\java.dll
0x00007ffa36560000 - 0x00007ffa36636000 	C:\Program Files\Java\jdk-17.0.1\bin\svml.dll
0x00007ffa42540000 - 0x00007ffa42cab000 	C:\WINDOWS\System32\SHELL32.dll
0x00007ffa3e690000 - 0x00007ffa3ee2e000 	C:\WINDOWS\SYSTEM32\windows.storage.dll
0x00007ffa41430000 - 0x00007ffa41783000 	C:\WINDOWS\System32\combase.dll
0x00007ffa3ffe0000 - 0x00007ffa4000e000 	C:\WINDOWS\SYSTEM32\Wldp.dll
0x00007ffa41fd0000 - 0x00007ffa4209d000 	C:\WINDOWS\System32\OLEAUT32.dll
0x00007ffa41790000 - 0x00007ffa4183d000 	C:\WINDOWS\System32\SHCORE.dll
0x00007ffa41840000 - 0x00007ffa41895000 	C:\WINDOWS\System32\shlwapi.dll
0x00007ffa40550000 - 0x00007ffa40573000 	C:\WINDOWS\SYSTEM32\profapi.dll
0x00007ffa3d720000 - 0x00007ffa3d739000 	C:\Program Files\Java\jdk-17.0.1\bin\net.dll
0x00007ffa378c0000 - 0x00007ffa379ca000 	C:\WINDOWS\SYSTEM32\WINHTTP.dll
0x00007ffa3fd40000 - 0x00007ffa3fdaa000 	C:\WINDOWS\system32\mswsock.dll
0x00007ffa3d700000 - 0x00007ffa3d715000 	C:\Program Files\Java\jdk-17.0.1\bin\nio.dll
0x00007ffa3d500000 - 0x00007ffa3d518000 	C:\Program Files\Java\jdk-17.0.1\bin\zip.dll
0x00007ffa3d4f0000 - 0x00007ffa3d500000 	C:\Program Files\Java\jdk-17.0.1\bin\verify.dll
0x00007ffa3d4c0000 - 0x00007ffa3d4ce000 	C:\Program Files\Java\jdk-17.0.1\bin\sunmscapi.dll
0x00007ffa40700000 - 0x00007ffa4085e000 	C:\WINDOWS\System32\CRYPT32.dll
0x00007ffa40050000 - 0x00007ffa40078000 	C:\WINDOWS\SYSTEM32\ncrypt.dll
0x00007ffa40010000 - 0x00007ffa4004b000 	C:\WINDOWS\SYSTEM32\NTASN1.dll
0x00007ffa2dea0000 - 0x00007ffa2dea7000 	C:\WINDOWS\system32\wshunix.dll
0x00007ffa3ff40000 - 0x00007ffa3ff58000 	C:\WINDOWS\SYSTEM32\CRYPTSP.dll
0x00007ffa3f660000 - 0x00007ffa3f694000 	C:\WINDOWS\system32\rsaenh.dll
0x00007ffa404d0000 - 0x00007ffa404fe000 	C:\WINDOWS\SYSTEM32\USERENV.dll
0x00007ffa3ff30000 - 0x00007ffa3ff3c000 	C:\WINDOWS\SYSTEM32\CRYPTBASE.dll
0x00007ffa3fa20000 - 0x00007ffa3fa5b000 	C:\WINDOWS\SYSTEM32\IPHLPAPI.DLL
0x00007ffa42400000 - 0x00007ffa42408000 	C:\WINDOWS\System32\NSI.dll
0x00007ffa35bb0000 - 0x00007ffa35bc7000 	C:\WINDOWS\SYSTEM32\dhcpcsvc6.DLL
0x00007ffa35b10000 - 0x00007ffa35b2d000 	C:\WINDOWS\SYSTEM32\dhcpcsvc.DLL
0x00007ffa3fa60000 - 0x00007ffa3fb2b000 	C:\WINDOWS\SYSTEM32\DNSAPI.dll
0x00007ffa375e0000 - 0x00007ffa375ea000 	C:\Windows\System32\rasadhlp.dll
0x00007ffa333f0000 - 0x00007ffa33470000 	C:\WINDOWS\System32\fwpuclnt.dll

dbghelp: loaded successfully - version: 4.0.5 - missing functions: none
symbol engine: initialized successfully - sym options: 0x614 - pdb path: .;C:\Program Files\Java\jdk-17.0.1\bin;C:\WINDOWS\SYSTEM32;C:\Program Files\Avast Software\Avast;C:\WINDOWS\WinSxS\amd64_microsoft.windows.common-controls_6595b64144ccf1df_6.0.19041.3636_none_60b6a03d71f818d5;C:\Program Files\Java\jdk-17.0.1\bin\server

VM Arguments:
jvm_args: -Dorg.gradle.internal.worker.tmpdir=C:\Users\atomf\Desktop\code\java\minem\minem-impl-bot-hypixel\build\tmp\test\work -Dorg.gradle.native=false --add-opens=java.base/java.util=ALL-UNNAMED --add-opens=java.base/java.lang=ALL-UNNAMED -Xmx512m -Dfile.encoding=windows-1252 -Duser.country=US -Duser.language=en -Duser.variant -ea 
java_command: worker.org.gradle.process.internal.worker.GradleWorkerMain 'Gradle Test Executor 13'
java_class_path (initial): C:\\Users\\atomf\\.gradle\\caches\\7.4\\workerMain\\gradle-worker.jar;C:\\Users\\atomf\\Desktop\\code\\java\\minem\\minem-impl-bot-hypixel\\build\\classes\\java\\test;C:\\Users\\atomf\\Desktop\\code\\java\\minem\\minem-impl-bot-hypixel\\build\\classes\\java\\main;C:\\Users\\atomf\\Desktop\\code\\java\\minem\\minem-common-client\\build\\libs\\minem-common-client-1.0.0.jar;C:\\Users\\atomf\\Desktop\\code\\java\\minem\\minem-impl-protocol47\\build\\libs\\minem-impl-protocol47-1.0.0.jar;C:\\Users\\atomf\\Desktop\\code\\java\\minem\\minem-common-protocol\\build\\libs\\minem-common-protocol-1.0.0.jar;C:\\Users\\atomf\\Desktop\\code\\java\\minem\\minem-api-protocol\\build\\libs\\minem-api-protocol-1.0.0.jar;C:\\Users\\atomf\\Desktop\\code\\java\\minem\\minem-api-data\\build\\libs\\minem-api-data-1.0.0.jar;C:\\Users\\atomf\\Desktop\\code\\java\\minem\\minem-common-auth\\build\\libs\\minem-common-auth-1.0.0.jar;C:\\Users\\atomf\\Desktop\\code\\java\\minem\\minem-api-base\\build\\libs\\minem-api-base-1.0.0.jar;C:\\Users\\atomf\\.gradle\\caches\\modules-2\\files-2.1\\com.github.slatepowered.veru\\veru-config\\5a975a0\\124c5bd379f990c092fda0ef78347fc41330fb8f\\veru-config-5a975a0.jar;C:\\Users\\atomf\\.gradle\\caches\\modules-2\\files-2.1\\com.github.slatepowered.veru\\veru-java8\\5a975a0\\fe2166fdad8d98c3fd7ed79e4c5c798c9d7c71d2\\veru-java8-5a975a0.jar;C:\\Users\\atomf\\.gradle\\caches\\modules-2\\files-2.1\\net.kyori\\adventure-text-serializer-legacy\\4.17.0\\1f5271e54a4feb6dada26873297337f4b9f2f99a\\adventure-text-serializer-legacy-4.17.0.jar;C:\\Users\\atomf\\.gradle\\caches\\modules-2\\files-2.1\\net.kyori\\adventure-text-serializer-plain\\4.17.0\\ac19c1579081064f86025c5ada60dba0b61fca31\\adventure-text-serializer-plain-4.17.0.jar;C:\\Users\\atomf\\.gradle\\caches\\modules-2\\files-2.1\\net.kyori\\adventure-text-serializer-ansi\\4.17.0\\9d16115f070690ffa730edc2d36f90267ae58013\\adventure-text-serializer-ansi-4.17.0.jar;C:\\Users\\atomf\\.gradle
Launcher Type: SUN_STANDARD

[Global flags]
     intx CICompilerCount                          = 4                                         {product} {ergonomic}
     uint ConcGCThreads                            = 2                                         {product} {ergonomic}
     uint G1ConcRefinementThreads                  = 8                                         {product} {ergonomic}
   size_t G1HeapRegionSize                         = 1048576                                   {product} {ergonomic}
    uintx GCDrainStackTargetSize                   = 64                                        {product} {ergonomic}
   size_t InitialHeapSize                          = 132120576                                 {product} {ergonomic}
   size_t MarkStackSize                            = 4194304                                   {product} {ergonomic}
   size_t MaxHeapSize                              = 536870912                                 {product} {command line}
   size_t MaxNewSize                               = 321912832                                 {product} {ergonomic}
   size_t MinHeapDeltaBytes                        = 1048576                                   {product} {ergonomic}
   size_t MinHeapSize                              = 8388608                                   {product} {ergonomic}
    uintx NonNMethodCodeHeapSize                   = 5839372                                {pd product} {ergonomic}
    uintx NonProfiledCodeHeapSize                  = 122909434                              {pd product} {ergonomic}
    uintx ProfiledCodeHeapSize                     = 122909434                              {pd product} {ergonomic}
    uintx ReservedCodeCacheSize                    = 251658240                              {pd product} {ergonomic}
     bool SegmentedCodeCache                       = true                                      {product} {ergonomic}
   size_t SoftMaxHeapSize                          = 536870912                              {manageable} {ergonomic}
     bool UseCompressedClassPointers               = true                           {product lp64_product} {ergonomic}
     bool UseCompressedOops                        = true                           {product lp64_product} {ergonomic}
     bool UseG1GC                                  = true                                      {product} {ergonomic}
     bool UseLargePagesIndividualAllocation        = false                                  {pd product} {ergonomic}

Logging:
Log output configuration:
 #0: stdout all=warning uptime,level,tags
 #1: stderr all=off uptime,level,tags

Environment Variables:
JAVA_HOME=C:\Program Files\JAva\jdk-17.0.1
PATH=C:\WINDOWS\system32;C:\WINDOWS\System32\Wbem;C:\WINDOWS;C:\WINDOWS\System32\WindowsPowerShell\v1.0\;C:\WINDOWS\System32\OpenSSH\;%SystemRoot%\system32;%SystemRoot%\System32\Wbem;%SystemRoot%;%SystemRoot%\System32\WindowsPowerShell\v1.0\;%SystemRoot%\System32\OpenSSH\;C:\Users\atomf\AppData\Local\Programs\Python\Python311;C:\Users\atomf\AppData\Local\Programs\Python\Python311\Scripts;C:\Program Files\Java\jdk-17.0.1\\bin;C:\Program Files\Java\jdk-17.0.1\\lib;C:\Program Files (x86)\Windows Kits\10\Windows Performance Toolkit\;C:\ProgramData\chocolatey\bin;C:\Program Files (x86)\Microsoft Visual Studio\2019\Community\VC\Tools\MSVC\14.29.30133\bin\Hostx64\x64;C:\Gradle\gradle-6.9.1\bin;C:\Program Files\Maven\bin;C:\Program Files\CMake\bin;C:\Program Files\nodejs\;C:\Program Files\Git\cmd;C:\Dev\php;C:\Dev\exe\openssl-3\x64\bin;C:\Program Files\qemu;C:\Program Files\PuTTY\;C:\Program Files (x86)\Gpg4win\..\GnuPG\bin;C:\Program Files (x86)\Heavyocity\Heavyocity Portal;C:\Program Files\Git\usr\bin;C:\Program Files\Go\bin;C:\Program Files\Cloudflare\Cloudflare WARP\;C:\Users\atomf\.cargo\bin;C:\Users\atomf\AppData\Local\Microsoft\WindowsApps;C:\Users\atomf\AppData\Local\Programs\Microsoft VS Code\bin;C:\Program Files (x86)\GnuWin32\bin;C:\Program Files\JetBrains\JetBrains Rider 2021.2.1\bin;C:\Users\atomf\AppData\Roaming\npm;C:\Program Files\JetBrains\CLion 2022.1.2\bin;C:\Program Files\JetBrains\PyCharm Community Edition 2022.2.3\bin;C:\Program Files\JetBrains\IntelliJ IDEA 2022.3.1\bin;C:\Users\atomf\go\bin
USERNAME=atomf
OS=Windows_NT
PROCESSOR_IDENTIFIER=Intel64 Family 6 Model 126 Stepping 5, GenuineIntel



---------------  S Y S T E M  ---------------

OS:
 Windows 10 , 64 bit Build 19041 (10.0.19041.3636)
OS uptime: 0 days 9:33 hours

CPU: total 8 (initial active 8) (4 cores per cpu, 2 threads per core) family 6 model 126 stepping 5 microcode 0x78, cx8, cmov, fxsr, ht, mmx, 3dnowpref, sse, sse2, sse3, ssse3, sse4.1, sse4.2, popcnt, lzcnt, tsc, tscinvbit, avx, avx2, aes, erms, clmul, bmi1, bmi2, adx, avx512f, avx512dq, avx512cd, avx512bw, avx512vl, sha, fma, vzeroupper, avx512_vpopcntdq, avx512_vpclmulqdq, avx512_vaes, avx512_vnni, clflush, clflushopt, avx512_vbmi2, avx512_vbmi

Memory: 4k page, system-wide physical 7948M (810M free)
TotalPageFile size 11948M (AvailPageFile size 72M)
current process WorkingSet (physical memory assigned to process): 105M, peak: 105M
current process commit charge ("private bytes"): 247M, peak: 248M

vm_info: OpenJDK 64-Bit Server VM (17.0.1+12-39) for windows-amd64 JRE (17.0.1+12-39), built on Sep 27 2021 18:39:29 by "mach5one" with MS VC++ 16.8 (VS2019)

END.
